2018-01-10 01:51:58.085 [main] INFO  o.s.b.t.context.SpringBootTestContextBootstrapper - Neither @ContextConfiguration nor @ContextHierarchy found for test class [com.bioodas.seckill.service.ProductServiceTest], using SpringBootContextLoader
2018-01-10 01:51:58.099 [main] INFO  o.s.test.context.support.AbstractContextLoader - Could not detect default resource locations for test class [com.bioodas.seckill.service.ProductServiceTest]: no resource found for suffixes {-context.xml, Context.groovy}.
2018-01-10 01:51:58.101 [main] INFO  o.s.t.c.support.AnnotationConfigContextLoaderUtils - Could not detect default configuration classes for test class [com.bioodas.seckill.service.ProductServiceTest]: ProductServiceTest does not declare any static, non-private, non-final, nested classes annotated with @Configuration.
2018-01-10 01:51:58.325 [main] INFO  o.s.b.t.context.SpringBootTestContextBootstrapper - Found @SpringBootConfiguration com.bioodas.seckill.MainApplication for test class com.bioodas.seckill.service.ProductServiceTest
2018-01-10 01:51:58.342 [main] INFO  o.s.b.t.context.SpringBootTestContextBootstrapper - Loaded default TestExecutionListener class names from location [META-INF/spring.factories]: [org.springframework.boot.test.mock.mockito.MockitoTestExecutionListener, org.springframework.boot.test.mock.mockito.ResetMocksTestExecutionListener, org.springframework.boot.test.autoconfigure.restdocs.RestDocsTestExecutionListener, org.springframework.boot.test.autoconfigure.web.client.MockRestServiceServerResetTestExecutionListener, org.springframework.boot.test.autoconfigure.web.servlet.MockMvcPrintOnlyOnFailureTestExecutionListener, org.springframework.boot.test.autoconfigure.web.servlet.WebDriverTestExecutionListener, org.springframework.test.context.web.ServletTestExecutionListener, org.springframework.test.context.support.DirtiesContextBeforeModesTestExecutionListener, org.springframework.test.context.support.DependencyInjectionTestExecutionListener, org.springframework.test.context.support.DirtiesContextTestExecutionListener, org.springframework.test.context.transaction.TransactionalTestExecutionListener, org.springframework.test.context.jdbc.SqlScriptsTestExecutionListener]
2018-01-10 01:51:58.379 [main] INFO  o.s.b.t.context.SpringBootTestContextBootstrapper - Using TestExecutionListeners: [org.springframework.test.context.web.ServletTestExecutionListener@56528192, org.springframework.test.context.support.DirtiesContextBeforeModesTestExecutionListener@6e0dec4a, org.springframework.boot.test.autoconfigure.SpringBootDependencyInjectionTestExecutionListener@96def03, org.springframework.test.context.support.DirtiesContextTestExecutionListener@5ccddd20, org.springframework.test.context.transaction.TransactionalTestExecutionListener@1ed1993a, org.springframework.test.context.jdbc.SqlScriptsTestExecutionListener@1f3f4916, org.springframework.boot.test.autoconfigure.web.client.MockRestServiceServerResetTestExecutionListener@794cb805, org.springframework.boot.test.mock.mockito.MockitoTestExecutionListener@4b5a5ed1, org.springframework.boot.test.mock.mockito.ResetMocksTestExecutionListener@59d016c9, org.springframework.boot.test.autoconfigure.web.servlet.WebDriverTestExecutionListener@3cc2931c, org.springframework.boot.test.autoconfigure.web.servlet.MockMvcPrintOnlyOnFailureTestExecutionListener@20d28811, org.springframework.boot.test.autoconfigure.restdocs.RestDocsTestExecutionListener@3967e60c]
2018-01-10 01:51:59.053 [main] INFO  com.bioodas.seckill.service.ProductServiceTest - Starting ProductServiceTest on Mick with PID 5788 (started by Administrator in E:\dev\seckill)
2018-01-10 01:51:59.054 [main] INFO  com.bioodas.seckill.service.ProductServiceTest - No active profile set, falling back to default profiles: default
2018-01-10 01:51:59.536 [main] INFO  o.s.w.context.support.GenericWebApplicationContext - Refreshing org.springframework.web.context.support.GenericWebApplicationContext@52af26ee: startup date [Wed Jan 10 01:51:59 CST 2018]; root of context hierarchy
2018-01-10 01:51:59.679 [background-preinit] INFO  org.hibernate.validator.internal.util.Version - HV000001: Hibernate Validator 5.3.5.Final
2018-01-10 01:52:00.752 [main] INFO  o.s.d.r.config.RepositoryConfigurationDelegate - Multiple Spring Data modules found, entering strict repository configuration mode!
2018-01-10 01:52:01.476 [main] INFO  o.s.b.f.a.AutowiredAnnotationBeanPostProcessor - JSR-330 'javax.inject.Inject' annotation found and supported for autowiring
2018-01-10 01:52:03.852 [main] INFO  o.s.w.s.m.m.a.RequestMappingHandlerAdapter - Looking for @ControllerAdvice: org.springframework.web.context.support.GenericWebApplicationContext@52af26ee: startup date [Wed Jan 10 01:51:59 CST 2018]; root of context hierarchy
2018-01-10 01:52:03.972 [main] INFO  o.s.w.s.m.m.a.RequestMappingHandlerMapping - Mapped "{[/common/login],methods=[GET]}" onto public java.lang.String com.bioodas.seckill.web.controller.LoginController.index()
2018-01-10 01:52:03.974 [main] INFO  o.s.w.s.m.m.a.RequestMappingHandlerMapping - Mapped "{[/common/login],methods=[POST]}" onto public com.bioodas.seckill.vo.ResultVO<?> com.bioodas.seckill.web.controller.LoginController.login(javax.servlet.http.HttpServletResponse,com.bioodas.seckill.web.form.UserForm)
2018-01-10 01:52:03.975 [main] INFO  o.s.w.s.m.m.a.RequestMappingHandlerMapping - Mapped "{[/product/list],methods=[GET]}" onto public java.lang.String com.bioodas.seckill.web.controller.ProductController.list(org.springframework.ui.Model,com.bioodas.seckill.entity.User)
2018-01-10 01:52:03.976 [main] INFO  o.s.w.s.m.m.a.RequestMappingHandlerMapping - Mapped "{[/demo/test],methods=[GET]}" onto public java.lang.Object com.bioodas.seckill.web.controller.SampleController.thymeleaf()
2018-01-10 01:52:03.980 [main] INFO  o.s.w.s.m.m.a.RequestMappingHandlerMapping - Mapped "{[/error]}" onto public org.springframework.http.ResponseEntity<java.util.Map<java.lang.String, java.lang.Object>> org.springframework.boot.autoconfigure.web.BasicErrorController.error(javax.servlet.http.HttpServletRequest)
2018-01-10 01:52:03.980 [main] INFO  o.s.w.s.m.m.a.RequestMappingHandlerMapping - Mapped "{[/error],produces=[text/html]}" onto public org.springframework.web.servlet.ModelAndView org.springframework.boot.autoconfigure.web.BasicErrorController.errorHtml(javax.servlet.http.HttpServletRequest,javax.servlet.http.HttpServletResponse)
2018-01-10 01:52:04.075 [main] INFO  o.s.web.servlet.handler.SimpleUrlHandlerMapping - Mapped URL path [/webjars/**] onto handler of type [class org.springframework.web.servlet.resource.ResourceHttpRequestHandler]
2018-01-10 01:52:04.075 [main] INFO  o.s.web.servlet.handler.SimpleUrlHandlerMapping - Mapped URL path [/**] onto handler of type [class org.springframework.web.servlet.resource.ResourceHttpRequestHandler]
2018-01-10 01:52:04.105 [main] INFO  o.s.w.s.m.m.a.ExceptionHandlerExceptionResolver - Detected @ExceptionHandler methods in seckillExceptionHandler
2018-01-10 01:52:04.146 [main] INFO  o.s.web.servlet.handler.SimpleUrlHandlerMapping - Mapped URL path [/**/favicon.ico] onto handler of type [class org.springframework.web.servlet.resource.ResourceHttpRequestHandler]
2018-01-10 01:52:05.213 [main] INFO  o.s.w.servlet.view.freemarker.FreeMarkerConfigurer - ClassTemplateLoader for Spring macros added to FreeMarker configuration
2018-01-10 01:52:05.605 [main] INFO  com.bioodas.seckill.service.ProductServiceTest - Started ProductServiceTest in 7.05 seconds (JVM running for 8.813)
2018-01-10 01:52:05.785 [main] INFO  com.alibaba.druid.pool.DruidDataSource - {dataSource-1} inited
2018-01-10 01:52:06.587 [Thread-4] INFO  o.s.w.context.support.GenericWebApplicationContext - Closing org.springframework.web.context.support.GenericWebApplicationContext@52af26ee: startup date [Wed Jan 10 01:51:59 CST 2018]; root of context hierarchy
2018-01-10 01:52:06.600 [Thread-4] INFO  com.alibaba.druid.pool.DruidDataSource - {dataSource-1} closed
2018-01-10 01:56:23.068 [main] INFO  o.s.b.t.context.SpringBootTestContextBootstrapper - Neither @ContextConfiguration nor @ContextHierarchy found for test class [com.bioodas.seckill.service.ProductServiceTest], using SpringBootContextLoader
2018-01-10 01:56:23.082 [main] INFO  o.s.test.context.support.AbstractContextLoader - Could not detect default resource locations for test class [com.bioodas.seckill.service.ProductServiceTest]: no resource found for suffixes {-context.xml, Context.groovy}.
2018-01-10 01:56:23.084 [main] INFO  o.s.t.c.support.AnnotationConfigContextLoaderUtils - Could not detect default configuration classes for test class [com.bioodas.seckill.service.ProductServiceTest]: ProductServiceTest does not declare any static, non-private, non-final, nested classes annotated with @Configuration.
2018-01-10 01:56:23.324 [main] INFO  o.s.b.t.context.SpringBootTestContextBootstrapper - Found @SpringBootConfiguration com.bioodas.seckill.MainApplication for test class com.bioodas.seckill.service.ProductServiceTest
2018-01-10 01:56:23.335 [main] INFO  o.s.b.t.context.SpringBootTestContextBootstrapper - Loaded default TestExecutionListener class names from location [META-INF/spring.factories]: [org.springframework.boot.test.mock.mockito.MockitoTestExecutionListener, org.springframework.boot.test.mock.mockito.ResetMocksTestExecutionListener, org.springframework.boot.test.autoconfigure.restdocs.RestDocsTestExecutionListener, org.springframework.boot.test.autoconfigure.web.client.MockRestServiceServerResetTestExecutionListener, org.springframework.boot.test.autoconfigure.web.servlet.MockMvcPrintOnlyOnFailureTestExecutionListener, org.springframework.boot.test.autoconfigure.web.servlet.WebDriverTestExecutionListener, org.springframework.test.context.web.ServletTestExecutionListener, org.springframework.test.context.support.DirtiesContextBeforeModesTestExecutionListener, org.springframework.test.context.support.DependencyInjectionTestExecutionListener, org.springframework.test.context.support.DirtiesContextTestExecutionListener, org.springframework.test.context.transaction.TransactionalTestExecutionListener, org.springframework.test.context.jdbc.SqlScriptsTestExecutionListener]
2018-01-10 01:56:23.363 [main] INFO  o.s.b.t.context.SpringBootTestContextBootstrapper - Using TestExecutionListeners: [org.springframework.test.context.web.ServletTestExecutionListener@56528192, org.springframework.test.context.support.DirtiesContextBeforeModesTestExecutionListener@6e0dec4a, org.springframework.boot.test.autoconfigure.SpringBootDependencyInjectionTestExecutionListener@96def03, org.springframework.test.context.support.DirtiesContextTestExecutionListener@5ccddd20, org.springframework.test.context.transaction.TransactionalTestExecutionListener@1ed1993a, org.springframework.test.context.jdbc.SqlScriptsTestExecutionListener@1f3f4916, org.springframework.boot.test.autoconfigure.web.client.MockRestServiceServerResetTestExecutionListener@794cb805, org.springframework.boot.test.mock.mockito.MockitoTestExecutionListener@4b5a5ed1, org.springframework.boot.test.mock.mockito.ResetMocksTestExecutionListener@59d016c9, org.springframework.boot.test.autoconfigure.web.servlet.WebDriverTestExecutionListener@3cc2931c, org.springframework.boot.test.autoconfigure.web.servlet.MockMvcPrintOnlyOnFailureTestExecutionListener@20d28811, org.springframework.boot.test.autoconfigure.restdocs.RestDocsTestExecutionListener@3967e60c]
2018-01-10 01:56:23.938 [main] INFO  com.bioodas.seckill.service.ProductServiceTest - Starting ProductServiceTest on Mick with PID 4184 (started by Administrator in E:\dev\seckill)
2018-01-10 01:56:23.938 [main] INFO  com.bioodas.seckill.service.ProductServiceTest - No active profile set, falling back to default profiles: default
2018-01-10 01:56:24.446 [background-preinit] INFO  org.hibernate.validator.internal.util.Version - HV000001: Hibernate Validator 5.3.5.Final
2018-01-10 01:56:24.448 [main] INFO  o.s.w.context.support.GenericWebApplicationContext - Refreshing org.springframework.web.context.support.GenericWebApplicationContext@52af26ee: startup date [Wed Jan 10 01:56:24 CST 2018]; root of context hierarchy
2018-01-10 01:56:25.439 [main] INFO  o.s.d.r.config.RepositoryConfigurationDelegate - Multiple Spring Data modules found, entering strict repository configuration mode!
2018-01-10 01:56:25.991 [main] INFO  o.s.b.f.a.AutowiredAnnotationBeanPostProcessor - JSR-330 'javax.inject.Inject' annotation found and supported for autowiring
2018-01-10 01:56:28.053 [main] INFO  o.s.w.s.m.m.a.RequestMappingHandlerAdapter - Looking for @ControllerAdvice: org.springframework.web.context.support.GenericWebApplicationContext@52af26ee: startup date [Wed Jan 10 01:56:24 CST 2018]; root of context hierarchy
2018-01-10 01:56:28.157 [main] INFO  o.s.w.s.m.m.a.RequestMappingHandlerMapping - Mapped "{[/common/login],methods=[GET]}" onto public java.lang.String com.bioodas.seckill.web.controller.LoginController.index()
2018-01-10 01:56:28.159 [main] INFO  o.s.w.s.m.m.a.RequestMappingHandlerMapping - Mapped "{[/common/login],methods=[POST]}" onto public com.bioodas.seckill.vo.ResultVO<?> com.bioodas.seckill.web.controller.LoginController.login(javax.servlet.http.HttpServletResponse,com.bioodas.seckill.web.form.UserForm)
2018-01-10 01:56:28.160 [main] INFO  o.s.w.s.m.m.a.RequestMappingHandlerMapping - Mapped "{[/product/list],methods=[GET]}" onto public java.lang.String com.bioodas.seckill.web.controller.ProductController.list(org.springframework.ui.Model,com.bioodas.seckill.entity.User)
2018-01-10 01:56:28.161 [main] INFO  o.s.w.s.m.m.a.RequestMappingHandlerMapping - Mapped "{[/demo/test],methods=[GET]}" onto public java.lang.Object com.bioodas.seckill.web.controller.SampleController.thymeleaf()
2018-01-10 01:56:28.163 [main] INFO  o.s.w.s.m.m.a.RequestMappingHandlerMapping - Mapped "{[/error]}" onto public org.springframework.http.ResponseEntity<java.util.Map<java.lang.String, java.lang.Object>> org.springframework.boot.autoconfigure.web.BasicErrorController.error(javax.servlet.http.HttpServletRequest)
2018-01-10 01:56:28.164 [main] INFO  o.s.w.s.m.m.a.RequestMappingHandlerMapping - Mapped "{[/error],produces=[text/html]}" onto public org.springframework.web.servlet.ModelAndView org.springframework.boot.autoconfigure.web.BasicErrorController.errorHtml(javax.servlet.http.HttpServletRequest,javax.servlet.http.HttpServletResponse)
2018-01-10 01:56:28.231 [main] INFO  o.s.web.servlet.handler.SimpleUrlHandlerMapping - Mapped URL path [/webjars/**] onto handler of type [class org.springframework.web.servlet.resource.ResourceHttpRequestHandler]
2018-01-10 01:56:28.231 [main] INFO  o.s.web.servlet.handler.SimpleUrlHandlerMapping - Mapped URL path [/**] onto handler of type [class org.springframework.web.servlet.resource.ResourceHttpRequestHandler]
2018-01-10 01:56:28.266 [main] INFO  o.s.w.s.m.m.a.ExceptionHandlerExceptionResolver - Detected @ExceptionHandler methods in seckillExceptionHandler
2018-01-10 01:56:28.309 [main] INFO  o.s.web.servlet.handler.SimpleUrlHandlerMapping - Mapped URL path [/**/favicon.ico] onto handler of type [class org.springframework.web.servlet.resource.ResourceHttpRequestHandler]
2018-01-10 01:56:29.274 [main] INFO  o.s.w.servlet.view.freemarker.FreeMarkerConfigurer - ClassTemplateLoader for Spring macros added to FreeMarker configuration
2018-01-10 01:56:29.607 [main] INFO  com.bioodas.seckill.service.ProductServiceTest - Started ProductServiceTest in 6.086 seconds (JVM running for 7.822)
2018-01-10 01:56:29.768 [main] INFO  com.alibaba.druid.pool.DruidDataSource - {dataSource-1} inited
2018-01-10 01:56:30.614 [Thread-4] INFO  o.s.w.context.support.GenericWebApplicationContext - Closing org.springframework.web.context.support.GenericWebApplicationContext@52af26ee: startup date [Wed Jan 10 01:56:24 CST 2018]; root of context hierarchy
2018-01-10 01:56:30.628 [Thread-4] INFO  com.alibaba.druid.pool.DruidDataSource - {dataSource-1} closed
2018-01-10 01:56:54.134 [main] INFO  o.s.b.t.context.SpringBootTestContextBootstrapper - Neither @ContextConfiguration nor @ContextHierarchy found for test class [com.bioodas.seckill.service.ProductServiceTest], using SpringBootContextLoader
2018-01-10 01:56:54.149 [main] INFO  o.s.test.context.support.AbstractContextLoader - Could not detect default resource locations for test class [com.bioodas.seckill.service.ProductServiceTest]: no resource found for suffixes {-context.xml, Context.groovy}.
2018-01-10 01:56:54.151 [main] INFO  o.s.t.c.support.AnnotationConfigContextLoaderUtils - Could not detect default configuration classes for test class [com.bioodas.seckill.service.ProductServiceTest]: ProductServiceTest does not declare any static, non-private, non-final, nested classes annotated with @Configuration.
2018-01-10 01:56:54.401 [main] INFO  o.s.b.t.context.SpringBootTestContextBootstrapper - Found @SpringBootConfiguration com.bioodas.seckill.MainApplication for test class com.bioodas.seckill.service.ProductServiceTest
2018-01-10 01:56:54.417 [main] INFO  o.s.b.t.context.SpringBootTestContextBootstrapper - Loaded default TestExecutionListener class names from location [META-INF/spring.factories]: [org.springframework.boot.test.mock.mockito.MockitoTestExecutionListener, org.springframework.boot.test.mock.mockito.ResetMocksTestExecutionListener, org.springframework.boot.test.autoconfigure.restdocs.RestDocsTestExecutionListener, org.springframework.boot.test.autoconfigure.web.client.MockRestServiceServerResetTestExecutionListener, org.springframework.boot.test.autoconfigure.web.servlet.MockMvcPrintOnlyOnFailureTestExecutionListener, org.springframework.boot.test.autoconfigure.web.servlet.WebDriverTestExecutionListener, org.springframework.test.context.web.ServletTestExecutionListener, org.springframework.test.context.support.DirtiesContextBeforeModesTestExecutionListener, org.springframework.test.context.support.DependencyInjectionTestExecutionListener, org.springframework.test.context.support.DirtiesContextTestExecutionListener, org.springframework.test.context.transaction.TransactionalTestExecutionListener, org.springframework.test.context.jdbc.SqlScriptsTestExecutionListener]
2018-01-10 01:56:54.457 [main] INFO  o.s.b.t.context.SpringBootTestContextBootstrapper - Using TestExecutionListeners: [org.springframework.test.context.web.ServletTestExecutionListener@1e802ef9, org.springframework.test.context.support.DirtiesContextBeforeModesTestExecutionListener@2b6faea6, org.springframework.boot.test.autoconfigure.SpringBootDependencyInjectionTestExecutionListener@778d1062, org.springframework.test.context.support.DirtiesContextTestExecutionListener@670002, org.springframework.test.context.transaction.TransactionalTestExecutionListener@1f0f1111, org.springframework.test.context.jdbc.SqlScriptsTestExecutionListener@49c386c8, org.springframework.boot.test.autoconfigure.web.servlet.WebDriverTestExecutionListener@56528192, org.springframework.boot.test.autoconfigure.restdocs.RestDocsTestExecutionListener@6e0dec4a, org.springframework.boot.test.mock.mockito.ResetMocksTestExecutionListener@96def03, org.springframework.boot.test.autoconfigure.web.client.MockRestServiceServerResetTestExecutionListener@5ccddd20, org.springframework.boot.test.mock.mockito.MockitoTestExecutionListener@1ed1993a, org.springframework.boot.test.autoconfigure.web.servlet.MockMvcPrintOnlyOnFailureTestExecutionListener@1f3f4916]
2018-01-10 01:56:55.231 [main] INFO  com.bioodas.seckill.service.ProductServiceTest - Starting ProductServiceTest on Mick with PID 7104 (started by Administrator in E:\dev\seckill)
2018-01-10 01:56:55.234 [main] INFO  com.bioodas.seckill.service.ProductServiceTest - No active profile set, falling back to default profiles: default
2018-01-10 01:56:55.766 [main] INFO  o.s.w.context.support.GenericWebApplicationContext - Refreshing org.springframework.web.context.support.GenericWebApplicationContext@21e360a: startup date [Wed Jan 10 01:56:55 CST 2018]; root of context hierarchy
2018-01-10 01:56:55.860 [background-preinit] INFO  org.hibernate.validator.internal.util.Version - HV000001: Hibernate Validator 5.3.5.Final
2018-01-10 01:56:56.899 [main] INFO  o.s.d.r.config.RepositoryConfigurationDelegate - Multiple Spring Data modules found, entering strict repository configuration mode!
2018-01-10 01:56:57.566 [main] INFO  o.s.b.f.a.AutowiredAnnotationBeanPostProcessor - JSR-330 'javax.inject.Inject' annotation found and supported for autowiring
2018-01-10 01:56:59.776 [main] INFO  o.s.w.s.m.m.a.RequestMappingHandlerAdapter - Looking for @ControllerAdvice: org.springframework.web.context.support.GenericWebApplicationContext@21e360a: startup date [Wed Jan 10 01:56:55 CST 2018]; root of context hierarchy
2018-01-10 01:56:59.889 [main] INFO  o.s.w.s.m.m.a.RequestMappingHandlerMapping - Mapped "{[/common/login],methods=[GET]}" onto public java.lang.String com.bioodas.seckill.web.controller.LoginController.index()
2018-01-10 01:56:59.891 [main] INFO  o.s.w.s.m.m.a.RequestMappingHandlerMapping - Mapped "{[/common/login],methods=[POST]}" onto public com.bioodas.seckill.vo.ResultVO<?> com.bioodas.seckill.web.controller.LoginController.login(javax.servlet.http.HttpServletResponse,com.bioodas.seckill.web.form.UserForm)
2018-01-10 01:56:59.892 [main] INFO  o.s.w.s.m.m.a.RequestMappingHandlerMapping - Mapped "{[/product/list],methods=[GET]}" onto public java.lang.String com.bioodas.seckill.web.controller.ProductController.list(org.springframework.ui.Model,com.bioodas.seckill.entity.User)
2018-01-10 01:56:59.894 [main] INFO  o.s.w.s.m.m.a.RequestMappingHandlerMapping - Mapped "{[/demo/test],methods=[GET]}" onto public java.lang.Object com.bioodas.seckill.web.controller.SampleController.thymeleaf()
2018-01-10 01:56:59.902 [main] INFO  o.s.w.s.m.m.a.RequestMappingHandlerMapping - Mapped "{[/error]}" onto public org.springframework.http.ResponseEntity<java.util.Map<java.lang.String, java.lang.Object>> org.springframework.boot.autoconfigure.web.BasicErrorController.error(javax.servlet.http.HttpServletRequest)
2018-01-10 01:56:59.902 [main] INFO  o.s.w.s.m.m.a.RequestMappingHandlerMapping - Mapped "{[/error],produces=[text/html]}" onto public org.springframework.web.servlet.ModelAndView org.springframework.boot.autoconfigure.web.BasicErrorController.errorHtml(javax.servlet.http.HttpServletRequest,javax.servlet.http.HttpServletResponse)
2018-01-10 01:56:59.970 [main] INFO  o.s.web.servlet.handler.SimpleUrlHandlerMapping - Mapped URL path [/webjars/**] onto handler of type [class org.springframework.web.servlet.resource.ResourceHttpRequestHandler]
2018-01-10 01:56:59.970 [main] INFO  o.s.web.servlet.handler.SimpleUrlHandlerMapping - Mapped URL path [/**] onto handler of type [class org.springframework.web.servlet.resource.ResourceHttpRequestHandler]
2018-01-10 01:57:00.011 [main] INFO  o.s.w.s.m.m.a.ExceptionHandlerExceptionResolver - Detected @ExceptionHandler methods in seckillExceptionHandler
2018-01-10 01:57:00.049 [main] INFO  o.s.web.servlet.handler.SimpleUrlHandlerMapping - Mapped URL path [/**/favicon.ico] onto handler of type [class org.springframework.web.servlet.resource.ResourceHttpRequestHandler]
2018-01-10 01:57:01.006 [main] INFO  o.s.w.servlet.view.freemarker.FreeMarkerConfigurer - ClassTemplateLoader for Spring macros added to FreeMarker configuration
2018-01-10 01:57:01.394 [main] INFO  com.bioodas.seckill.service.ProductServiceTest - Started ProductServiceTest in 6.731 seconds (JVM running for 8.684)
2018-01-10 01:57:01.566 [main] INFO  com.alibaba.druid.pool.DruidDataSource - {dataSource-1} inited
2018-01-10 01:57:02.407 [Thread-4] INFO  o.s.w.context.support.GenericWebApplicationContext - Closing org.springframework.web.context.support.GenericWebApplicationContext@21e360a: startup date [Wed Jan 10 01:56:55 CST 2018]; root of context hierarchy
2018-01-10 01:57:02.417 [Thread-4] INFO  com.alibaba.druid.pool.DruidDataSource - {dataSource-1} closed
2018-01-10 02:02:49.050 [main] INFO  com.bioodas.seckill.MainApplication - Starting MainApplication on Mick with PID 4416 (E:\dev\seckill\target\classes started by Administrator in E:\dev\seckill)
2018-01-10 02:02:49.065 [main] INFO  com.bioodas.seckill.MainApplication - No active profile set, falling back to default profiles: default
2018-01-10 02:02:49.571 [main] INFO  o.s.b.c.e.AnnotationConfigEmbeddedWebApplicationContext - Refreshing org.springframework.boot.context.embedded.AnnotationConfigEmbeddedWebApplicationContext@589da3f3: startup date [Wed Jan 10 02:02:49 CST 2018]; root of context hierarchy
2018-01-10 02:02:49.709 [background-preinit] INFO  org.hibernate.validator.internal.util.Version - HV000001: Hibernate Validator 5.3.5.Final
2018-01-10 02:02:50.881 [main] INFO  o.s.d.r.config.RepositoryConfigurationDelegate - Multiple Spring Data modules found, entering strict repository configuration mode!
2018-01-10 02:02:51.349 [main] INFO  o.s.b.f.a.AutowiredAnnotationBeanPostProcessor - JSR-330 'javax.inject.Inject' annotation found and supported for autowiring
2018-01-10 02:02:52.769 [main] INFO  o.s.b.c.e.tomcat.TomcatEmbeddedServletContainer - Tomcat initialized with port(s): 8080 (http)
2018-01-10 02:02:52.790 [main] INFO  org.apache.catalina.core.StandardService - Starting service [Tomcat]
2018-01-10 02:02:52.791 [main] INFO  org.apache.catalina.core.StandardEngine - Starting Servlet Engine: Apache Tomcat/8.5.23
2018-01-10 02:02:52.978 [localhost-startStop-1] INFO  o.a.c.c.C.[Tomcat].[localhost].[/seckill] - Initializing Spring embedded WebApplicationContext
2018-01-10 02:02:52.979 [localhost-startStop-1] INFO  org.springframework.web.context.ContextLoader - Root WebApplicationContext: initialization completed in 3407 ms
2018-01-10 02:02:53.285 [localhost-startStop-1] INFO  o.s.boot.web.servlet.ServletRegistrationBean - Mapping servlet: 'dispatcherServlet' to [/]
2018-01-10 02:02:53.293 [localhost-startStop-1] INFO  o.s.boot.web.servlet.FilterRegistrationBean - Mapping filter: 'characterEncodingFilter' to: [/*]
2018-01-10 02:02:53.294 [localhost-startStop-1] INFO  o.s.boot.web.servlet.FilterRegistrationBean - Mapping filter: 'hiddenHttpMethodFilter' to: [/*]
2018-01-10 02:02:53.294 [localhost-startStop-1] INFO  o.s.boot.web.servlet.FilterRegistrationBean - Mapping filter: 'httpPutFormContentFilter' to: [/*]
2018-01-10 02:02:53.294 [localhost-startStop-1] INFO  o.s.boot.web.servlet.FilterRegistrationBean - Mapping filter: 'requestContextFilter' to: [/*]
2018-01-10 02:02:54.732 [main] INFO  o.s.w.s.m.m.a.RequestMappingHandlerAdapter - Looking for @ControllerAdvice: org.springframework.boot.context.embedded.AnnotationConfigEmbeddedWebApplicationContext@589da3f3: startup date [Wed Jan 10 02:02:49 CST 2018]; root of context hierarchy
2018-01-10 02:02:54.846 [main] INFO  o.s.w.s.m.m.a.RequestMappingHandlerMapping - Mapped "{[/common/login],methods=[GET]}" onto public java.lang.String com.bioodas.seckill.web.controller.LoginController.index()
2018-01-10 02:02:54.848 [main] INFO  o.s.w.s.m.m.a.RequestMappingHandlerMapping - Mapped "{[/common/login],methods=[POST]}" onto public com.bioodas.seckill.vo.ResultVO<?> com.bioodas.seckill.web.controller.LoginController.login(javax.servlet.http.HttpServletResponse,com.bioodas.seckill.web.form.UserForm)
2018-01-10 02:02:54.849 [main] INFO  o.s.w.s.m.m.a.RequestMappingHandlerMapping - Mapped "{[/product/list],methods=[GET]}" onto public java.lang.String com.bioodas.seckill.web.controller.ProductController.list(org.springframework.ui.Model,com.bioodas.seckill.entity.User)
2018-01-10 02:02:54.850 [main] INFO  o.s.w.s.m.m.a.RequestMappingHandlerMapping - Mapped "{[/demo/test],methods=[GET]}" onto public java.lang.Object com.bioodas.seckill.web.controller.SampleController.thymeleaf()
2018-01-10 02:02:54.852 [main] INFO  o.s.w.s.m.m.a.RequestMappingHandlerMapping - Mapped "{[/error]}" onto public org.springframework.http.ResponseEntity<java.util.Map<java.lang.String, java.lang.Object>> org.springframework.boot.autoconfigure.web.BasicErrorController.error(javax.servlet.http.HttpServletRequest)
2018-01-10 02:02:54.853 [main] INFO  o.s.w.s.m.m.a.RequestMappingHandlerMapping - Mapped "{[/error],produces=[text/html]}" onto public org.springframework.web.servlet.ModelAndView org.springframework.boot.autoconfigure.web.BasicErrorController.errorHtml(javax.servlet.http.HttpServletRequest,javax.servlet.http.HttpServletResponse)
2018-01-10 02:02:54.924 [main] INFO  o.s.web.servlet.handler.SimpleUrlHandlerMapping - Mapped URL path [/webjars/**] onto handler of type [class org.springframework.web.servlet.resource.ResourceHttpRequestHandler]
2018-01-10 02:02:54.925 [main] INFO  o.s.web.servlet.handler.SimpleUrlHandlerMapping - Mapped URL path [/**] onto handler of type [class org.springframework.web.servlet.resource.ResourceHttpRequestHandler]
2018-01-10 02:02:54.957 [main] INFO  o.s.w.s.m.m.a.ExceptionHandlerExceptionResolver - Detected @ExceptionHandler methods in seckillExceptionHandler
2018-01-10 02:02:55.009 [main] INFO  o.s.web.servlet.handler.SimpleUrlHandlerMapping - Mapped URL path [/**/favicon.ico] onto handler of type [class org.springframework.web.servlet.resource.ResourceHttpRequestHandler]
2018-01-10 02:02:56.264 [main] INFO  o.s.w.servlet.view.freemarker.FreeMarkerConfigurer - ClassTemplateLoader for Spring macros added to FreeMarker configuration
2018-01-10 02:02:56.853 [main] INFO  o.s.jmx.export.annotation.AnnotationMBeanExporter - Registering beans for JMX exposure on startup
2018-01-10 02:02:56.855 [main] INFO  o.s.jmx.export.annotation.AnnotationMBeanExporter - Bean with name 'dataSource' has been autodetected for JMX exposure
2018-01-10 02:02:56.862 [main] INFO  o.s.jmx.export.annotation.AnnotationMBeanExporter - Located MBean 'dataSource': registering with JMX server as MBean [com.alibaba.druid.pool:name=dataSource,type=DruidDataSource]
2018-01-10 02:02:56.883 [main] INFO  org.apache.coyote.http11.Http11NioProtocol - Initializing ProtocolHandler ["http-nio-8080"]
2018-01-10 02:02:56.902 [main] INFO  org.apache.coyote.http11.Http11NioProtocol - Starting ProtocolHandler ["http-nio-8080"]
2018-01-10 02:02:56.925 [main] INFO  org.apache.tomcat.util.net.NioSelectorPool - Using a shared selector for servlet write/read
2018-01-10 02:02:56.973 [main] INFO  o.s.b.c.e.tomcat.TomcatEmbeddedServletContainer - Tomcat started on port(s): 8080 (http)
2018-01-10 02:02:56.993 [main] INFO  com.bioodas.seckill.MainApplication - Started MainApplication in 8.511 seconds (JVM running for 10.264)
2018-01-10 02:03:11.961 [http-nio-8080-exec-1] INFO  o.a.c.c.C.[Tomcat].[localhost].[/seckill] - Initializing Spring FrameworkServlet 'dispatcherServlet'
2018-01-10 02:03:11.965 [http-nio-8080-exec-1] INFO  org.springframework.web.servlet.DispatcherServlet - FrameworkServlet 'dispatcherServlet': initialization started
2018-01-10 02:03:12.019 [http-nio-8080-exec-1] INFO  org.springframework.web.servlet.DispatcherServlet - FrameworkServlet 'dispatcherServlet': initialization completed in 54 ms
2018-01-10 02:03:45.893 [http-nio-8080-exec-4] INFO  org.thymeleaf.TemplateEngine - [THYMELEAF] INITIALIZING TEMPLATE ENGINE
2018-01-10 02:03:46.053 [http-nio-8080-exec-4] INFO  o.t.templateresolver.AbstractTemplateResolver - [THYMELEAF] INITIALIZING TEMPLATE RESOLVER: org.thymeleaf.spring4.templateresolver.SpringResourceTemplateResolver
2018-01-10 02:03:46.054 [http-nio-8080-exec-4] INFO  o.t.templateresolver.AbstractTemplateResolver - [THYMELEAF] TEMPLATE RESOLVER INITIALIZED OK
2018-01-10 02:03:46.054 [http-nio-8080-exec-4] INFO  o.t.messageresolver.AbstractMessageResolver - [THYMELEAF] INITIALIZING MESSAGE RESOLVER: org.thymeleaf.spring4.messageresolver.SpringMessageResolver
2018-01-10 02:03:46.054 [http-nio-8080-exec-4] INFO  o.t.messageresolver.AbstractMessageResolver - [THYMELEAF] MESSAGE RESOLVER INITIALIZED OK
2018-01-10 02:03:46.065 [http-nio-8080-exec-4] INFO  org.thymeleaf.TemplateEngine.CONFIG - [THYMELEAF] TEMPLATE ENGINE CONFIGURATION:
[THYMELEAF] * Cache Factory implementation: org.thymeleaf.cache.StandardCacheManager
[THYMELEAF] * Template modes:
[THYMELEAF]     * XML
[THYMELEAF]     * LEGACYHTML5
[THYMELEAF]     * VALIDXHTML
[THYMELEAF]     * VALIDXML
[THYMELEAF]     * HTML5
[THYMELEAF]     * XHTML
[THYMELEAF] * Template resolvers (in order):
[THYMELEAF]     * org.thymeleaf.spring4.templateresolver.SpringResourceTemplateResolver
[THYMELEAF] * Message resolvers (in order):
[THYMELEAF]     * org.thymeleaf.spring4.messageresolver.SpringMessageResolver
[THYMELEAF] * Dialect [1 of 2]: org.thymeleaf.spring4.dialect.SpringStandardDialect
[THYMELEAF]     * Prefix: "th"
[THYMELEAF] * Dialect [2 of 2]: nz.net.ultraq.thymeleaf.LayoutDialect
[THYMELEAF]     * Prefix: "layout"
[THYMELEAF] TEMPLATE ENGINE CONFIGURED OK
2018-01-10 02:03:46.065 [http-nio-8080-exec-4] INFO  org.thymeleaf.TemplateEngine - [THYMELEAF] TEMPLATE ENGINE INITIALIZED
2018-01-10 02:03:51.752 [http-nio-8080-exec-5] INFO  com.bioodas.seckill.service.impl.LoginServiceImpl - 17783253569:5ce6b5edb7d11813fb2b62bc2fdb6330
2018-01-10 02:03:52.025 [http-nio-8080-exec-5] INFO  com.alibaba.druid.pool.DruidDataSource - {dataSource-1} inited
2018-01-10 02:03:53.124 [http-nio-8080-exec-5] INFO  com.bioodas.seckill.service.impl.LoginServiceImpl - com.bioodas.seckill.entity.User={
  "id": "111",
  "mobile": "17783253569",
  "nickname": "tanglingyun",
  "password": "37a0d56bffb1524b9f8719e0a1faa942",
  "salt": "1514742677242850681",
  "loginCount": 0
}
2018-01-10 02:03:53.143 [http-nio-8080-exec-5] INFO  com.bioodas.seckill.service.impl.LoginServiceImpl - calcPass:37a0d56bffb1524b9f8719e0a1faa942
2018-01-10 02:13:44.511 [main] INFO  o.s.b.t.context.SpringBootTestContextBootstrapper - Neither @ContextConfiguration nor @ContextHierarchy found for test class [com.bioodas.seckill.service.ProductServiceTest], using SpringBootContextLoader
2018-01-10 02:13:44.526 [main] INFO  o.s.test.context.support.AbstractContextLoader - Could not detect default resource locations for test class [com.bioodas.seckill.service.ProductServiceTest]: no resource found for suffixes {-context.xml, Context.groovy}.
2018-01-10 02:13:44.528 [main] INFO  o.s.t.c.support.AnnotationConfigContextLoaderUtils - Could not detect default configuration classes for test class [com.bioodas.seckill.service.ProductServiceTest]: ProductServiceTest does not declare any static, non-private, non-final, nested classes annotated with @Configuration.
2018-01-10 02:13:44.763 [main] INFO  o.s.b.t.context.SpringBootTestContextBootstrapper - Found @SpringBootConfiguration com.bioodas.seckill.MainApplication for test class com.bioodas.seckill.service.ProductServiceTest
2018-01-10 02:13:44.781 [main] INFO  o.s.b.t.context.SpringBootTestContextBootstrapper - Loaded default TestExecutionListener class names from location [META-INF/spring.factories]: [org.springframework.boot.test.mock.mockito.MockitoTestExecutionListener, org.springframework.boot.test.mock.mockito.ResetMocksTestExecutionListener, org.springframework.boot.test.autoconfigure.restdocs.RestDocsTestExecutionListener, org.springframework.boot.test.autoconfigure.web.client.MockRestServiceServerResetTestExecutionListener, org.springframework.boot.test.autoconfigure.web.servlet.MockMvcPrintOnlyOnFailureTestExecutionListener, org.springframework.boot.test.autoconfigure.web.servlet.WebDriverTestExecutionListener, org.springframework.test.context.web.ServletTestExecutionListener, org.springframework.test.context.support.DirtiesContextBeforeModesTestExecutionListener, org.springframework.test.context.support.DependencyInjectionTestExecutionListener, org.springframework.test.context.support.DirtiesContextTestExecutionListener, org.springframework.test.context.transaction.TransactionalTestExecutionListener, org.springframework.test.context.jdbc.SqlScriptsTestExecutionListener]
2018-01-10 02:13:44.816 [main] INFO  o.s.b.t.context.SpringBootTestContextBootstrapper - Using TestExecutionListeners: [org.springframework.test.context.web.ServletTestExecutionListener@6e0dec4a, org.springframework.test.context.support.DirtiesContextBeforeModesTestExecutionListener@96def03, org.springframework.boot.test.autoconfigure.SpringBootDependencyInjectionTestExecutionListener@5ccddd20, org.springframework.test.context.support.DirtiesContextTestExecutionListener@1ed1993a, org.springframework.test.context.transaction.TransactionalTestExecutionListener@1f3f4916, org.springframework.test.context.jdbc.SqlScriptsTestExecutionListener@794cb805, org.springframework.boot.test.mock.mockito.ResetMocksTestExecutionListener@4b5a5ed1, org.springframework.boot.test.autoconfigure.web.servlet.WebDriverTestExecutionListener@59d016c9, org.springframework.boot.test.autoconfigure.web.client.MockRestServiceServerResetTestExecutionListener@3cc2931c, org.springframework.boot.test.mock.mockito.MockitoTestExecutionListener@20d28811, org.springframework.boot.test.autoconfigure.restdocs.RestDocsTestExecutionListener@3967e60c, org.springframework.boot.test.autoconfigure.web.servlet.MockMvcPrintOnlyOnFailureTestExecutionListener@60d8c9b7]
2018-01-10 02:13:45.376 [main] INFO  com.bioodas.seckill.service.ProductServiceTest - Starting ProductServiceTest on Mick with PID 8008 (started by Administrator in E:\dev\seckill)
2018-01-10 02:13:45.379 [main] INFO  com.bioodas.seckill.service.ProductServiceTest - No active profile set, falling back to default profiles: default
2018-01-10 02:13:45.816 [main] INFO  o.s.w.context.support.GenericWebApplicationContext - Refreshing org.springframework.web.context.support.GenericWebApplicationContext@6fd83fc1: startup date [Wed Jan 10 02:13:45 CST 2018]; root of context hierarchy
2018-01-10 02:13:45.865 [background-preinit] INFO  org.hibernate.validator.internal.util.Version - HV000001: Hibernate Validator 5.3.5.Final
2018-01-10 02:13:46.878 [main] INFO  o.s.d.r.config.RepositoryConfigurationDelegate - Multiple Spring Data modules found, entering strict repository configuration mode!
2018-01-10 02:13:47.420 [main] INFO  o.s.b.f.a.AutowiredAnnotationBeanPostProcessor - JSR-330 'javax.inject.Inject' annotation found and supported for autowiring
2018-01-10 02:13:49.356 [main] INFO  o.s.w.s.m.m.a.RequestMappingHandlerAdapter - Looking for @ControllerAdvice: org.springframework.web.context.support.GenericWebApplicationContext@6fd83fc1: startup date [Wed Jan 10 02:13:45 CST 2018]; root of context hierarchy
2018-01-10 02:13:49.461 [main] INFO  o.s.w.s.m.m.a.RequestMappingHandlerMapping - Mapped "{[/common/login],methods=[GET]}" onto public java.lang.String com.bioodas.seckill.web.controller.LoginController.index()
2018-01-10 02:13:49.463 [main] INFO  o.s.w.s.m.m.a.RequestMappingHandlerMapping - Mapped "{[/common/login],methods=[POST]}" onto public com.bioodas.seckill.vo.ResultVO<?> com.bioodas.seckill.web.controller.LoginController.login(javax.servlet.http.HttpServletResponse,com.bioodas.seckill.web.form.UserForm)
2018-01-10 02:13:49.464 [main] INFO  o.s.w.s.m.m.a.RequestMappingHandlerMapping - Mapped "{[/product/list],methods=[GET]}" onto public java.lang.String com.bioodas.seckill.web.controller.ProductController.list(org.springframework.ui.Model,com.bioodas.seckill.entity.User)
2018-01-10 02:13:49.465 [main] INFO  o.s.w.s.m.m.a.RequestMappingHandlerMapping - Mapped "{[/demo/test],methods=[GET]}" onto public java.lang.Object com.bioodas.seckill.web.controller.SampleController.thymeleaf()
2018-01-10 02:13:49.468 [main] INFO  o.s.w.s.m.m.a.RequestMappingHandlerMapping - Mapped "{[/error]}" onto public org.springframework.http.ResponseEntity<java.util.Map<java.lang.String, java.lang.Object>> org.springframework.boot.autoconfigure.web.BasicErrorController.error(javax.servlet.http.HttpServletRequest)
2018-01-10 02:13:49.469 [main] INFO  o.s.w.s.m.m.a.RequestMappingHandlerMapping - Mapped "{[/error],produces=[text/html]}" onto public org.springframework.web.servlet.ModelAndView org.springframework.boot.autoconfigure.web.BasicErrorController.errorHtml(javax.servlet.http.HttpServletRequest,javax.servlet.http.HttpServletResponse)
2018-01-10 02:13:49.524 [main] INFO  o.s.web.servlet.handler.SimpleUrlHandlerMapping - Mapped URL path [/webjars/**] onto handler of type [class org.springframework.web.servlet.resource.ResourceHttpRequestHandler]
2018-01-10 02:13:49.524 [main] INFO  o.s.web.servlet.handler.SimpleUrlHandlerMapping - Mapped URL path [/**] onto handler of type [class org.springframework.web.servlet.resource.ResourceHttpRequestHandler]
2018-01-10 02:13:49.548 [main] INFO  o.s.w.s.m.m.a.ExceptionHandlerExceptionResolver - Detected @ExceptionHandler methods in seckillExceptionHandler
2018-01-10 02:13:49.589 [main] INFO  o.s.web.servlet.handler.SimpleUrlHandlerMapping - Mapped URL path [/**/favicon.ico] onto handler of type [class org.springframework.web.servlet.resource.ResourceHttpRequestHandler]
2018-01-10 02:13:50.521 [main] INFO  o.s.w.servlet.view.freemarker.FreeMarkerConfigurer - ClassTemplateLoader for Spring macros added to FreeMarker configuration
2018-01-10 02:13:50.868 [main] INFO  com.bioodas.seckill.service.ProductServiceTest - Started ProductServiceTest in 5.895 seconds (JVM running for 7.591)
2018-01-10 02:13:51.325 [Thread-4] INFO  o.s.w.context.support.GenericWebApplicationContext - Closing org.springframework.web.context.support.GenericWebApplicationContext@6fd83fc1: startup date [Wed Jan 10 02:13:45 CST 2018]; root of context hierarchy
2018-01-10 02:22:34.601 [main] INFO  o.s.b.t.context.SpringBootTestContextBootstrapper - Neither @ContextConfiguration nor @ContextHierarchy found for test class [com.bioodas.seckill.service.ProductServiceTest], using SpringBootContextLoader
2018-01-10 02:22:34.615 [main] INFO  o.s.test.context.support.AbstractContextLoader - Could not detect default resource locations for test class [com.bioodas.seckill.service.ProductServiceTest]: no resource found for suffixes {-context.xml, Context.groovy}.
2018-01-10 02:22:34.617 [main] INFO  o.s.t.c.support.AnnotationConfigContextLoaderUtils - Could not detect default configuration classes for test class [com.bioodas.seckill.service.ProductServiceTest]: ProductServiceTest does not declare any static, non-private, non-final, nested classes annotated with @Configuration.
2018-01-10 02:22:34.823 [main] INFO  o.s.b.t.context.SpringBootTestContextBootstrapper - Found @SpringBootConfiguration com.bioodas.seckill.MainApplication for test class com.bioodas.seckill.service.ProductServiceTest
2018-01-10 02:22:34.837 [main] INFO  o.s.b.t.context.SpringBootTestContextBootstrapper - Loaded default TestExecutionListener class names from location [META-INF/spring.factories]: [org.springframework.boot.test.mock.mockito.MockitoTestExecutionListener, org.springframework.boot.test.mock.mockito.ResetMocksTestExecutionListener, org.springframework.boot.test.autoconfigure.restdocs.RestDocsTestExecutionListener, org.springframework.boot.test.autoconfigure.web.client.MockRestServiceServerResetTestExecutionListener, org.springframework.boot.test.autoconfigure.web.servlet.MockMvcPrintOnlyOnFailureTestExecutionListener, org.springframework.boot.test.autoconfigure.web.servlet.WebDriverTestExecutionListener, org.springframework.test.context.web.ServletTestExecutionListener, org.springframework.test.context.support.DirtiesContextBeforeModesTestExecutionListener, org.springframework.test.context.support.DependencyInjectionTestExecutionListener, org.springframework.test.context.support.DirtiesContextTestExecutionListener, org.springframework.test.context.transaction.TransactionalTestExecutionListener, org.springframework.test.context.jdbc.SqlScriptsTestExecutionListener]
2018-01-10 02:22:34.868 [main] INFO  o.s.b.t.context.SpringBootTestContextBootstrapper - Using TestExecutionListeners: [org.springframework.test.context.web.ServletTestExecutionListener@6e0dec4a, org.springframework.test.context.support.DirtiesContextBeforeModesTestExecutionListener@96def03, org.springframework.boot.test.autoconfigure.SpringBootDependencyInjectionTestExecutionListener@5ccddd20, org.springframework.test.context.support.DirtiesContextTestExecutionListener@1ed1993a, org.springframework.test.context.transaction.TransactionalTestExecutionListener@1f3f4916, org.springframework.test.context.jdbc.SqlScriptsTestExecutionListener@794cb805, org.springframework.boot.test.mock.mockito.ResetMocksTestExecutionListener@4b5a5ed1, org.springframework.boot.test.autoconfigure.web.servlet.WebDriverTestExecutionListener@59d016c9, org.springframework.boot.test.autoconfigure.web.client.MockRestServiceServerResetTestExecutionListener@3cc2931c, org.springframework.boot.test.mock.mockito.MockitoTestExecutionListener@20d28811, org.springframework.boot.test.autoconfigure.restdocs.RestDocsTestExecutionListener@3967e60c, org.springframework.boot.test.autoconfigure.web.servlet.MockMvcPrintOnlyOnFailureTestExecutionListener@60d8c9b7]
2018-01-10 02:22:35.469 [main] INFO  com.bioodas.seckill.service.ProductServiceTest - Starting ProductServiceTest on Mick with PID 4264 (started by Administrator in E:\dev\seckill)
2018-01-10 02:22:35.472 [main] INFO  com.bioodas.seckill.service.ProductServiceTest - No active profile set, falling back to default profiles: default
2018-01-10 02:22:35.978 [background-preinit] INFO  org.hibernate.validator.internal.util.Version - HV000001: Hibernate Validator 5.3.5.Final
2018-01-10 02:22:35.995 [main] INFO  o.s.w.context.support.GenericWebApplicationContext - Refreshing org.springframework.web.context.support.GenericWebApplicationContext@6fd83fc1: startup date [Wed Jan 10 02:22:35 CST 2018]; root of context hierarchy
2018-01-10 02:22:37.053 [main] INFO  o.s.d.r.config.RepositoryConfigurationDelegate - Multiple Spring Data modules found, entering strict repository configuration mode!
2018-01-10 02:22:37.602 [main] INFO  o.s.b.f.a.AutowiredAnnotationBeanPostProcessor - JSR-330 'javax.inject.Inject' annotation found and supported for autowiring
2018-01-10 02:22:40.827 [main] INFO  o.s.w.s.m.m.a.RequestMappingHandlerAdapter - Looking for @ControllerAdvice: org.springframework.web.context.support.GenericWebApplicationContext@6fd83fc1: startup date [Wed Jan 10 02:22:35 CST 2018]; root of context hierarchy
2018-01-10 02:22:40.941 [main] INFO  o.s.w.s.m.m.a.RequestMappingHandlerMapping - Mapped "{[/common/login],methods=[GET]}" onto public java.lang.String com.bioodas.seckill.web.controller.LoginController.index()
2018-01-10 02:22:40.943 [main] INFO  o.s.w.s.m.m.a.RequestMappingHandlerMapping - Mapped "{[/common/login],methods=[POST]}" onto public com.bioodas.seckill.vo.ResultVO<?> com.bioodas.seckill.web.controller.LoginController.login(javax.servlet.http.HttpServletResponse,com.bioodas.seckill.web.form.UserForm)
2018-01-10 02:22:40.944 [main] INFO  o.s.w.s.m.m.a.RequestMappingHandlerMapping - Mapped "{[/product/list],methods=[GET]}" onto public java.lang.String com.bioodas.seckill.web.controller.ProductController.list(org.springframework.ui.Model,com.bioodas.seckill.entity.User)
2018-01-10 02:22:40.946 [main] INFO  o.s.w.s.m.m.a.RequestMappingHandlerMapping - Mapped "{[/demo/test],methods=[GET]}" onto public java.lang.Object com.bioodas.seckill.web.controller.SampleController.thymeleaf()
2018-01-10 02:22:40.949 [main] INFO  o.s.w.s.m.m.a.RequestMappingHandlerMapping - Mapped "{[/error]}" onto public org.springframework.http.ResponseEntity<java.util.Map<java.lang.String, java.lang.Object>> org.springframework.boot.autoconfigure.web.BasicErrorController.error(javax.servlet.http.HttpServletRequest)
2018-01-10 02:22:40.949 [main] INFO  o.s.w.s.m.m.a.RequestMappingHandlerMapping - Mapped "{[/error],produces=[text/html]}" onto public org.springframework.web.servlet.ModelAndView org.springframework.boot.autoconfigure.web.BasicErrorController.errorHtml(javax.servlet.http.HttpServletRequest,javax.servlet.http.HttpServletResponse)
2018-01-10 02:22:41.013 [main] INFO  o.s.web.servlet.handler.SimpleUrlHandlerMapping - Mapped URL path [/webjars/**] onto handler of type [class org.springframework.web.servlet.resource.ResourceHttpRequestHandler]
2018-01-10 02:22:41.013 [main] INFO  o.s.web.servlet.handler.SimpleUrlHandlerMapping - Mapped URL path [/**] onto handler of type [class org.springframework.web.servlet.resource.ResourceHttpRequestHandler]
2018-01-10 02:22:41.049 [main] INFO  o.s.w.s.m.m.a.ExceptionHandlerExceptionResolver - Detected @ExceptionHandler methods in seckillExceptionHandler
2018-01-10 02:22:41.100 [main] INFO  o.s.web.servlet.handler.SimpleUrlHandlerMapping - Mapped URL path [/**/favicon.ico] onto handler of type [class org.springframework.web.servlet.resource.ResourceHttpRequestHandler]
2018-01-10 02:22:42.088 [main] INFO  o.s.w.servlet.view.freemarker.FreeMarkerConfigurer - ClassTemplateLoader for Spring macros added to FreeMarker configuration
2018-01-10 02:22:42.459 [main] INFO  com.bioodas.seckill.service.ProductServiceTest - Started ProductServiceTest in 7.407 seconds (JVM running for 9.173)
2018-01-10 02:22:42.646 [main] INFO  com.alibaba.druid.pool.DruidDataSource - {dataSource-1} inited
2018-01-10 02:22:43.421 [Thread-4] INFO  o.s.w.context.support.GenericWebApplicationContext - Closing org.springframework.web.context.support.GenericWebApplicationContext@6fd83fc1: startup date [Wed Jan 10 02:22:35 CST 2018]; root of context hierarchy
2018-01-10 02:22:43.436 [Thread-4] INFO  com.alibaba.druid.pool.DruidDataSource - {dataSource-1} closed
2018-01-10 02:22:55.861 [main] INFO  o.s.b.t.context.SpringBootTestContextBootstrapper - Neither @ContextConfiguration nor @ContextHierarchy found for test class [com.bioodas.seckill.service.ProductServiceTest], using SpringBootContextLoader
2018-01-10 02:22:55.874 [main] INFO  o.s.test.context.support.AbstractContextLoader - Could not detect default resource locations for test class [com.bioodas.seckill.service.ProductServiceTest]: no resource found for suffixes {-context.xml, Context.groovy}.
2018-01-10 02:22:55.876 [main] INFO  o.s.t.c.support.AnnotationConfigContextLoaderUtils - Could not detect default configuration classes for test class [com.bioodas.seckill.service.ProductServiceTest]: ProductServiceTest does not declare any static, non-private, non-final, nested classes annotated with @Configuration.
2018-01-10 02:22:56.092 [main] INFO  o.s.b.t.context.SpringBootTestContextBootstrapper - Found @SpringBootConfiguration com.bioodas.seckill.MainApplication for test class com.bioodas.seckill.service.ProductServiceTest
2018-01-10 02:22:56.104 [main] INFO  o.s.b.t.context.SpringBootTestContextBootstrapper - Loaded default TestExecutionListener class names from location [META-INF/spring.factories]: [org.springframework.boot.test.mock.mockito.MockitoTestExecutionListener, org.springframework.boot.test.mock.mockito.ResetMocksTestExecutionListener, org.springframework.boot.test.autoconfigure.restdocs.RestDocsTestExecutionListener, org.springframework.boot.test.autoconfigure.web.client.MockRestServiceServerResetTestExecutionListener, org.springframework.boot.test.autoconfigure.web.servlet.MockMvcPrintOnlyOnFailureTestExecutionListener, org.springframework.boot.test.autoconfigure.web.servlet.WebDriverTestExecutionListener, org.springframework.test.context.web.ServletTestExecutionListener, org.springframework.test.context.support.DirtiesContextBeforeModesTestExecutionListener, org.springframework.test.context.support.DependencyInjectionTestExecutionListener, org.springframework.test.context.support.DirtiesContextTestExecutionListener, org.springframework.test.context.transaction.TransactionalTestExecutionListener, org.springframework.test.context.jdbc.SqlScriptsTestExecutionListener]
2018-01-10 02:22:56.131 [main] INFO  o.s.b.t.context.SpringBootTestContextBootstrapper - Using TestExecutionListeners: [org.springframework.test.context.web.ServletTestExecutionListener@6e0dec4a, org.springframework.test.context.support.DirtiesContextBeforeModesTestExecutionListener@96def03, org.springframework.boot.test.autoconfigure.SpringBootDependencyInjectionTestExecutionListener@5ccddd20, org.springframework.test.context.support.DirtiesContextTestExecutionListener@1ed1993a, org.springframework.test.context.transaction.TransactionalTestExecutionListener@1f3f4916, org.springframework.test.context.jdbc.SqlScriptsTestExecutionListener@794cb805, org.springframework.boot.test.mock.mockito.ResetMocksTestExecutionListener@4b5a5ed1, org.springframework.boot.test.autoconfigure.web.servlet.WebDriverTestExecutionListener@59d016c9, org.springframework.boot.test.autoconfigure.web.client.MockRestServiceServerResetTestExecutionListener@3cc2931c, org.springframework.boot.test.mock.mockito.MockitoTestExecutionListener@20d28811, org.springframework.boot.test.autoconfigure.restdocs.RestDocsTestExecutionListener@3967e60c, org.springframework.boot.test.autoconfigure.web.servlet.MockMvcPrintOnlyOnFailureTestExecutionListener@60d8c9b7]
2018-01-10 02:22:56.713 [main] INFO  com.bioodas.seckill.service.ProductServiceTest - Starting ProductServiceTest on Mick with PID 5096 (started by Administrator in E:\dev\seckill)
2018-01-10 02:22:56.716 [main] INFO  com.bioodas.seckill.service.ProductServiceTest - No active profile set, falling back to default profiles: default
2018-01-10 02:22:57.038 [main] INFO  o.s.w.context.support.GenericWebApplicationContext - Refreshing org.springframework.web.context.support.GenericWebApplicationContext@6fd83fc1: startup date [Wed Jan 10 02:22:57 CST 2018]; root of context hierarchy
2018-01-10 02:22:57.332 [background-preinit] INFO  org.hibernate.validator.internal.util.Version - HV000001: Hibernate Validator 5.3.5.Final
2018-01-10 02:22:58.075 [main] INFO  o.s.d.r.config.RepositoryConfigurationDelegate - Multiple Spring Data modules found, entering strict repository configuration mode!
2018-01-10 02:22:58.581 [main] INFO  o.s.b.f.a.AutowiredAnnotationBeanPostProcessor - JSR-330 'javax.inject.Inject' annotation found and supported for autowiring
2018-01-10 02:23:00.780 [main] INFO  o.s.w.s.m.m.a.RequestMappingHandlerAdapter - Looking for @ControllerAdvice: org.springframework.web.context.support.GenericWebApplicationContext@6fd83fc1: startup date [Wed Jan 10 02:22:57 CST 2018]; root of context hierarchy
2018-01-10 02:23:00.886 [main] INFO  o.s.w.s.m.m.a.RequestMappingHandlerMapping - Mapped "{[/common/login],methods=[GET]}" onto public java.lang.String com.bioodas.seckill.web.controller.LoginController.index()
2018-01-10 02:23:00.888 [main] INFO  o.s.w.s.m.m.a.RequestMappingHandlerMapping - Mapped "{[/common/login],methods=[POST]}" onto public com.bioodas.seckill.vo.ResultVO<?> com.bioodas.seckill.web.controller.LoginController.login(javax.servlet.http.HttpServletResponse,com.bioodas.seckill.web.form.UserForm)
2018-01-10 02:23:00.889 [main] INFO  o.s.w.s.m.m.a.RequestMappingHandlerMapping - Mapped "{[/product/list],methods=[GET]}" onto public java.lang.String com.bioodas.seckill.web.controller.ProductController.list(org.springframework.ui.Model,com.bioodas.seckill.entity.User)
2018-01-10 02:23:00.891 [main] INFO  o.s.w.s.m.m.a.RequestMappingHandlerMapping - Mapped "{[/demo/test],methods=[GET]}" onto public java.lang.Object com.bioodas.seckill.web.controller.SampleController.thymeleaf()
2018-01-10 02:23:00.893 [main] INFO  o.s.w.s.m.m.a.RequestMappingHandlerMapping - Mapped "{[/error]}" onto public org.springframework.http.ResponseEntity<java.util.Map<java.lang.String, java.lang.Object>> org.springframework.boot.autoconfigure.web.BasicErrorController.error(javax.servlet.http.HttpServletRequest)
2018-01-10 02:23:00.894 [main] INFO  o.s.w.s.m.m.a.RequestMappingHandlerMapping - Mapped "{[/error],produces=[text/html]}" onto public org.springframework.web.servlet.ModelAndView org.springframework.boot.autoconfigure.web.BasicErrorController.errorHtml(javax.servlet.http.HttpServletRequest,javax.servlet.http.HttpServletResponse)
2018-01-10 02:23:00.953 [main] INFO  o.s.web.servlet.handler.SimpleUrlHandlerMapping - Mapped URL path [/webjars/**] onto handler of type [class org.springframework.web.servlet.resource.ResourceHttpRequestHandler]
2018-01-10 02:23:00.953 [main] INFO  o.s.web.servlet.handler.SimpleUrlHandlerMapping - Mapped URL path [/**] onto handler of type [class org.springframework.web.servlet.resource.ResourceHttpRequestHandler]
2018-01-10 02:23:00.980 [main] INFO  o.s.w.s.m.m.a.ExceptionHandlerExceptionResolver - Detected @ExceptionHandler methods in seckillExceptionHandler
2018-01-10 02:23:01.020 [main] INFO  o.s.web.servlet.handler.SimpleUrlHandlerMapping - Mapped URL path [/**/favicon.ico] onto handler of type [class org.springframework.web.servlet.resource.ResourceHttpRequestHandler]
2018-01-10 02:23:01.978 [main] INFO  o.s.w.servlet.view.freemarker.FreeMarkerConfigurer - ClassTemplateLoader for Spring macros added to FreeMarker configuration
2018-01-10 02:23:02.310 [main] INFO  com.bioodas.seckill.service.ProductServiceTest - Started ProductServiceTest in 6.015 seconds (JVM running for 7.753)
2018-01-10 02:23:02.462 [main] INFO  com.alibaba.druid.pool.DruidDataSource - {dataSource-1} inited
2018-01-10 02:23:03.274 [Thread-4] INFO  o.s.w.context.support.GenericWebApplicationContext - Closing org.springframework.web.context.support.GenericWebApplicationContext@6fd83fc1: startup date [Wed Jan 10 02:22:57 CST 2018]; root of context hierarchy
2018-01-10 02:23:03.284 [Thread-4] INFO  com.alibaba.druid.pool.DruidDataSource - {dataSource-1} closed
2018-01-10 02:25:05.775 [main] INFO  o.s.b.t.context.SpringBootTestContextBootstrapper - Neither @ContextConfiguration nor @ContextHierarchy found for test class [com.bioodas.seckill.service.UserServiceTest], using SpringBootContextLoader
2018-01-10 02:25:05.800 [main] INFO  o.s.test.context.support.AbstractContextLoader - Could not detect default resource locations for test class [com.bioodas.seckill.service.UserServiceTest]: no resource found for suffixes {-context.xml, Context.groovy}.
2018-01-10 02:25:05.803 [main] INFO  o.s.t.c.support.AnnotationConfigContextLoaderUtils - Could not detect default configuration classes for test class [com.bioodas.seckill.service.UserServiceTest]: UserServiceTest does not declare any static, non-private, non-final, nested classes annotated with @Configuration.
2018-01-10 02:25:06.164 [main] INFO  o.s.b.t.context.SpringBootTestContextBootstrapper - Found @SpringBootConfiguration com.bioodas.seckill.MainApplication for test class com.bioodas.seckill.service.UserServiceTest
2018-01-10 02:25:06.188 [main] INFO  o.s.b.t.context.SpringBootTestContextBootstrapper - Loaded default TestExecutionListener class names from location [META-INF/spring.factories]: [org.springframework.boot.test.mock.mockito.MockitoTestExecutionListener, org.springframework.boot.test.mock.mockito.ResetMocksTestExecutionListener, org.springframework.boot.test.autoconfigure.restdocs.RestDocsTestExecutionListener, org.springframework.boot.test.autoconfigure.web.client.MockRestServiceServerResetTestExecutionListener, org.springframework.boot.test.autoconfigure.web.servlet.MockMvcPrintOnlyOnFailureTestExecutionListener, org.springframework.boot.test.autoconfigure.web.servlet.WebDriverTestExecutionListener, org.springframework.test.context.web.ServletTestExecutionListener, org.springframework.test.context.support.DirtiesContextBeforeModesTestExecutionListener, org.springframework.test.context.support.DependencyInjectionTestExecutionListener, org.springframework.test.context.support.DirtiesContextTestExecutionListener, org.springframework.test.context.transaction.TransactionalTestExecutionListener, org.springframework.test.context.jdbc.SqlScriptsTestExecutionListener]
2018-01-10 02:25:06.240 [main] INFO  o.s.b.t.context.SpringBootTestContextBootstrapper - Using TestExecutionListeners: [org.springframework.test.context.web.ServletTestExecutionListener@6e0dec4a, org.springframework.test.context.support.DirtiesContextBeforeModesTestExecutionListener@96def03, org.springframework.boot.test.autoconfigure.SpringBootDependencyInjectionTestExecutionListener@5ccddd20, org.springframework.test.context.support.DirtiesContextTestExecutionListener@1ed1993a, org.springframework.test.context.transaction.TransactionalTestExecutionListener@1f3f4916, org.springframework.test.context.jdbc.SqlScriptsTestExecutionListener@794cb805, org.springframework.boot.test.mock.mockito.ResetMocksTestExecutionListener@4b5a5ed1, org.springframework.boot.test.autoconfigure.web.servlet.WebDriverTestExecutionListener@59d016c9, org.springframework.boot.test.autoconfigure.web.client.MockRestServiceServerResetTestExecutionListener@3cc2931c, org.springframework.boot.test.mock.mockito.MockitoTestExecutionListener@20d28811, org.springframework.boot.test.autoconfigure.restdocs.RestDocsTestExecutionListener@3967e60c, org.springframework.boot.test.autoconfigure.web.servlet.MockMvcPrintOnlyOnFailureTestExecutionListener@60d8c9b7]
2018-01-10 02:25:06.991 [main] INFO  com.bioodas.seckill.service.UserServiceTest - Starting UserServiceTest on Mick with PID 7684 (started by Administrator in E:\dev\seckill)
2018-01-10 02:25:06.994 [main] INFO  com.bioodas.seckill.service.UserServiceTest - No active profile set, falling back to default profiles: default
2018-01-10 02:25:07.487 [main] INFO  o.s.w.context.support.GenericWebApplicationContext - Refreshing org.springframework.web.context.support.GenericWebApplicationContext@6fd83fc1: startup date [Wed Jan 10 02:25:07 CST 2018]; root of context hierarchy
2018-01-10 02:25:07.609 [background-preinit] INFO  org.hibernate.validator.internal.util.Version - HV000001: Hibernate Validator 5.3.5.Final
2018-01-10 02:25:08.630 [main] INFO  o.s.d.r.config.RepositoryConfigurationDelegate - Multiple Spring Data modules found, entering strict repository configuration mode!
2018-01-10 02:25:09.191 [main] INFO  o.s.b.f.a.AutowiredAnnotationBeanPostProcessor - JSR-330 'javax.inject.Inject' annotation found and supported for autowiring
2018-01-10 02:25:11.392 [main] INFO  o.s.w.s.m.m.a.RequestMappingHandlerAdapter - Looking for @ControllerAdvice: org.springframework.web.context.support.GenericWebApplicationContext@6fd83fc1: startup date [Wed Jan 10 02:25:07 CST 2018]; root of context hierarchy
2018-01-10 02:25:11.493 [main] INFO  o.s.w.s.m.m.a.RequestMappingHandlerMapping - Mapped "{[/common/login],methods=[GET]}" onto public java.lang.String com.bioodas.seckill.web.controller.LoginController.index()
2018-01-10 02:25:11.495 [main] INFO  o.s.w.s.m.m.a.RequestMappingHandlerMapping - Mapped "{[/common/login],methods=[POST]}" onto public com.bioodas.seckill.vo.ResultVO<?> com.bioodas.seckill.web.controller.LoginController.login(javax.servlet.http.HttpServletResponse,com.bioodas.seckill.web.form.UserForm)
2018-01-10 02:25:11.497 [main] INFO  o.s.w.s.m.m.a.RequestMappingHandlerMapping - Mapped "{[/product/list],methods=[GET]}" onto public java.lang.String com.bioodas.seckill.web.controller.ProductController.list(org.springframework.ui.Model,com.bioodas.seckill.entity.User)
2018-01-10 02:25:11.498 [main] INFO  o.s.w.s.m.m.a.RequestMappingHandlerMapping - Mapped "{[/demo/test],methods=[GET]}" onto public java.lang.Object com.bioodas.seckill.web.controller.SampleController.thymeleaf()
2018-01-10 02:25:11.501 [main] INFO  o.s.w.s.m.m.a.RequestMappingHandlerMapping - Mapped "{[/error]}" onto public org.springframework.http.ResponseEntity<java.util.Map<java.lang.String, java.lang.Object>> org.springframework.boot.autoconfigure.web.BasicErrorController.error(javax.servlet.http.HttpServletRequest)
2018-01-10 02:25:11.501 [main] INFO  o.s.w.s.m.m.a.RequestMappingHandlerMapping - Mapped "{[/error],produces=[text/html]}" onto public org.springframework.web.servlet.ModelAndView org.springframework.boot.autoconfigure.web.BasicErrorController.errorHtml(javax.servlet.http.HttpServletRequest,javax.servlet.http.HttpServletResponse)
2018-01-10 02:25:11.567 [main] INFO  o.s.web.servlet.handler.SimpleUrlHandlerMapping - Mapped URL path [/webjars/**] onto handler of type [class org.springframework.web.servlet.resource.ResourceHttpRequestHandler]
2018-01-10 02:25:11.567 [main] INFO  o.s.web.servlet.handler.SimpleUrlHandlerMapping - Mapped URL path [/**] onto handler of type [class org.springframework.web.servlet.resource.ResourceHttpRequestHandler]
2018-01-10 02:25:11.607 [main] INFO  o.s.w.s.m.m.a.ExceptionHandlerExceptionResolver - Detected @ExceptionHandler methods in seckillExceptionHandler
2018-01-10 02:25:11.650 [main] INFO  o.s.web.servlet.handler.SimpleUrlHandlerMapping - Mapped URL path [/**/favicon.ico] onto handler of type [class org.springframework.web.servlet.resource.ResourceHttpRequestHandler]
2018-01-10 02:25:12.679 [main] INFO  o.s.w.servlet.view.freemarker.FreeMarkerConfigurer - ClassTemplateLoader for Spring macros added to FreeMarker configuration
2018-01-10 02:25:13.016 [main] INFO  com.bioodas.seckill.service.UserServiceTest - Started UserServiceTest in 6.566 seconds (JVM running for 8.611)
2018-01-10 02:25:13.189 [main] INFO  com.alibaba.druid.pool.DruidDataSource - {dataSource-1} inited
2018-01-10 02:25:14.048 [Thread-4] INFO  o.s.w.context.support.GenericWebApplicationContext - Closing org.springframework.web.context.support.GenericWebApplicationContext@6fd83fc1: startup date [Wed Jan 10 02:25:07 CST 2018]; root of context hierarchy
2018-01-10 02:25:14.127 [Thread-4] INFO  com.alibaba.druid.pool.DruidDataSource - {dataSource-1} closed
2018-01-10 02:25:39.999 [main] INFO  o.s.b.t.context.SpringBootTestContextBootstrapper - Neither @ContextConfiguration nor @ContextHierarchy found for test class [com.bioodas.seckill.service.UserServiceTest], using SpringBootContextLoader
2018-01-10 02:25:40.013 [main] INFO  o.s.test.context.support.AbstractContextLoader - Could not detect default resource locations for test class [com.bioodas.seckill.service.UserServiceTest]: no resource found for suffixes {-context.xml, Context.groovy}.
2018-01-10 02:25:40.015 [main] INFO  o.s.t.c.support.AnnotationConfigContextLoaderUtils - Could not detect default configuration classes for test class [com.bioodas.seckill.service.UserServiceTest]: UserServiceTest does not declare any static, non-private, non-final, nested classes annotated with @Configuration.
2018-01-10 02:25:40.214 [main] INFO  o.s.b.t.context.SpringBootTestContextBootstrapper - Found @SpringBootConfiguration com.bioodas.seckill.MainApplication for test class com.bioodas.seckill.service.UserServiceTest
2018-01-10 02:25:40.228 [main] INFO  o.s.b.t.context.SpringBootTestContextBootstrapper - Loaded default TestExecutionListener class names from location [META-INF/spring.factories]: [org.springframework.boot.test.mock.mockito.MockitoTestExecutionListener, org.springframework.boot.test.mock.mockito.ResetMocksTestExecutionListener, org.springframework.boot.test.autoconfigure.restdocs.RestDocsTestExecutionListener, org.springframework.boot.test.autoconfigure.web.client.MockRestServiceServerResetTestExecutionListener, org.springframework.boot.test.autoconfigure.web.servlet.MockMvcPrintOnlyOnFailureTestExecutionListener, org.springframework.boot.test.autoconfigure.web.servlet.WebDriverTestExecutionListener, org.springframework.test.context.web.ServletTestExecutionListener, org.springframework.test.context.support.DirtiesContextBeforeModesTestExecutionListener, org.springframework.test.context.support.DependencyInjectionTestExecutionListener, org.springframework.test.context.support.DirtiesContextTestExecutionListener, org.springframework.test.context.transaction.TransactionalTestExecutionListener, org.springframework.test.context.jdbc.SqlScriptsTestExecutionListener]
2018-01-10 02:25:40.262 [main] INFO  o.s.b.t.context.SpringBootTestContextBootstrapper - Using TestExecutionListeners: [org.springframework.test.context.web.ServletTestExecutionListener@2b6faea6, org.springframework.test.context.support.DirtiesContextBeforeModesTestExecutionListener@778d1062, org.springframework.boot.test.autoconfigure.SpringBootDependencyInjectionTestExecutionListener@670002, org.springframework.test.context.support.DirtiesContextTestExecutionListener@1f0f1111, org.springframework.test.context.transaction.TransactionalTestExecutionListener@49c386c8, org.springframework.test.context.jdbc.SqlScriptsTestExecutionListener@56528192, org.springframework.boot.test.mock.mockito.MockitoTestExecutionListener@6e0dec4a, org.springframework.boot.test.autoconfigure.web.client.MockRestServiceServerResetTestExecutionListener@96def03, org.springframework.boot.test.autoconfigure.web.servlet.WebDriverTestExecutionListener@5ccddd20, org.springframework.boot.test.mock.mockito.ResetMocksTestExecutionListener@1ed1993a, org.springframework.boot.test.autoconfigure.restdocs.RestDocsTestExecutionListener@1f3f4916, org.springframework.boot.test.autoconfigure.web.servlet.MockMvcPrintOnlyOnFailureTestExecutionListener@794cb805]
2018-01-10 02:25:40.901 [main] INFO  com.bioodas.seckill.service.UserServiceTest - Starting UserServiceTest on Mick with PID 4776 (started by Administrator in E:\dev\seckill)
2018-01-10 02:25:40.903 [main] INFO  com.bioodas.seckill.service.UserServiceTest - No active profile set, falling back to default profiles: default
2018-01-10 02:25:41.266 [main] INFO  o.s.w.context.support.GenericWebApplicationContext - Refreshing org.springframework.web.context.support.GenericWebApplicationContext@5ba3f27a: startup date [Wed Jan 10 02:25:41 CST 2018]; root of context hierarchy
2018-01-10 02:25:41.461 [background-preinit] INFO  org.hibernate.validator.internal.util.Version - HV000001: Hibernate Validator 5.3.5.Final
2018-01-10 02:25:42.461 [main] INFO  o.s.d.r.config.RepositoryConfigurationDelegate - Multiple Spring Data modules found, entering strict repository configuration mode!
2018-01-10 02:25:42.973 [main] INFO  o.s.b.f.a.AutowiredAnnotationBeanPostProcessor - JSR-330 'javax.inject.Inject' annotation found and supported for autowiring
2018-01-10 02:25:45.135 [main] INFO  o.s.w.s.m.m.a.RequestMappingHandlerAdapter - Looking for @ControllerAdvice: org.springframework.web.context.support.GenericWebApplicationContext@5ba3f27a: startup date [Wed Jan 10 02:25:41 CST 2018]; root of context hierarchy
2018-01-10 02:25:45.239 [main] INFO  o.s.w.s.m.m.a.RequestMappingHandlerMapping - Mapped "{[/common/login],methods=[GET]}" onto public java.lang.String com.bioodas.seckill.web.controller.LoginController.index()
2018-01-10 02:25:45.241 [main] INFO  o.s.w.s.m.m.a.RequestMappingHandlerMapping - Mapped "{[/common/login],methods=[POST]}" onto public com.bioodas.seckill.vo.ResultVO<?> com.bioodas.seckill.web.controller.LoginController.login(javax.servlet.http.HttpServletResponse,com.bioodas.seckill.web.form.UserForm)
2018-01-10 02:25:45.242 [main] INFO  o.s.w.s.m.m.a.RequestMappingHandlerMapping - Mapped "{[/product/list],methods=[GET]}" onto public java.lang.String com.bioodas.seckill.web.controller.ProductController.list(org.springframework.ui.Model,com.bioodas.seckill.entity.User)
2018-01-10 02:25:45.243 [main] INFO  o.s.w.s.m.m.a.RequestMappingHandlerMapping - Mapped "{[/demo/test],methods=[GET]}" onto public java.lang.Object com.bioodas.seckill.web.controller.SampleController.thymeleaf()
2018-01-10 02:25:45.246 [main] INFO  o.s.w.s.m.m.a.RequestMappingHandlerMapping - Mapped "{[/error]}" onto public org.springframework.http.ResponseEntity<java.util.Map<java.lang.String, java.lang.Object>> org.springframework.boot.autoconfigure.web.BasicErrorController.error(javax.servlet.http.HttpServletRequest)
2018-01-10 02:25:45.247 [main] INFO  o.s.w.s.m.m.a.RequestMappingHandlerMapping - Mapped "{[/error],produces=[text/html]}" onto public org.springframework.web.servlet.ModelAndView org.springframework.boot.autoconfigure.web.BasicErrorController.errorHtml(javax.servlet.http.HttpServletRequest,javax.servlet.http.HttpServletResponse)
2018-01-10 02:25:45.327 [main] INFO  o.s.web.servlet.handler.SimpleUrlHandlerMapping - Mapped URL path [/webjars/**] onto handler of type [class org.springframework.web.servlet.resource.ResourceHttpRequestHandler]
2018-01-10 02:25:45.327 [main] INFO  o.s.web.servlet.handler.SimpleUrlHandlerMapping - Mapped URL path [/**] onto handler of type [class org.springframework.web.servlet.resource.ResourceHttpRequestHandler]
2018-01-10 02:25:45.359 [main] INFO  o.s.w.s.m.m.a.ExceptionHandlerExceptionResolver - Detected @ExceptionHandler methods in seckillExceptionHandler
2018-01-10 02:25:45.402 [main] INFO  o.s.web.servlet.handler.SimpleUrlHandlerMapping - Mapped URL path [/**/favicon.ico] onto handler of type [class org.springframework.web.servlet.resource.ResourceHttpRequestHandler]
2018-01-10 02:25:46.374 [main] INFO  o.s.w.servlet.view.freemarker.FreeMarkerConfigurer - ClassTemplateLoader for Spring macros added to FreeMarker configuration
2018-01-10 02:25:46.721 [main] INFO  com.bioodas.seckill.service.UserServiceTest - Started UserServiceTest in 6.297 seconds (JVM running for 8.051)
2018-01-10 02:25:46.876 [main] INFO  com.alibaba.druid.pool.DruidDataSource - {dataSource-1} inited
2018-01-10 02:25:47.682 [Thread-4] INFO  o.s.w.context.support.GenericWebApplicationContext - Closing org.springframework.web.context.support.GenericWebApplicationContext@5ba3f27a: startup date [Wed Jan 10 02:25:41 CST 2018]; root of context hierarchy
2018-01-10 02:25:47.695 [Thread-4] INFO  com.alibaba.druid.pool.DruidDataSource - {dataSource-1} closed
2018-01-10 02:27:25.666 [main] INFO  o.s.b.t.context.SpringBootTestContextBootstrapper - Neither @ContextConfiguration nor @ContextHierarchy found for test class [com.bioodas.seckill.dao.UserDaoTest], using SpringBootContextLoader
2018-01-10 02:27:25.679 [main] INFO  o.s.test.context.support.AbstractContextLoader - Could not detect default resource locations for test class [com.bioodas.seckill.dao.UserDaoTest]: no resource found for suffixes {-context.xml, Context.groovy}.
2018-01-10 02:27:25.680 [main] INFO  o.s.t.c.support.AnnotationConfigContextLoaderUtils - Could not detect default configuration classes for test class [com.bioodas.seckill.dao.UserDaoTest]: UserDaoTest does not declare any static, non-private, non-final, nested classes annotated with @Configuration.
2018-01-10 02:27:25.904 [main] INFO  o.s.b.t.context.SpringBootTestContextBootstrapper - Found @SpringBootConfiguration com.bioodas.seckill.MainApplication for test class com.bioodas.seckill.dao.UserDaoTest
2018-01-10 02:27:25.917 [main] INFO  o.s.b.t.context.SpringBootTestContextBootstrapper - Loaded default TestExecutionListener class names from location [META-INF/spring.factories]: [org.springframework.boot.test.mock.mockito.MockitoTestExecutionListener, org.springframework.boot.test.mock.mockito.ResetMocksTestExecutionListener, org.springframework.boot.test.autoconfigure.restdocs.RestDocsTestExecutionListener, org.springframework.boot.test.autoconfigure.web.client.MockRestServiceServerResetTestExecutionListener, org.springframework.boot.test.autoconfigure.web.servlet.MockMvcPrintOnlyOnFailureTestExecutionListener, org.springframework.boot.test.autoconfigure.web.servlet.WebDriverTestExecutionListener, org.springframework.test.context.web.ServletTestExecutionListener, org.springframework.test.context.support.DirtiesContextBeforeModesTestExecutionListener, org.springframework.test.context.support.DependencyInjectionTestExecutionListener, org.springframework.test.context.support.DirtiesContextTestExecutionListener, org.springframework.test.context.transaction.TransactionalTestExecutionListener, org.springframework.test.context.jdbc.SqlScriptsTestExecutionListener]
2018-01-10 02:27:25.946 [main] INFO  o.s.b.t.context.SpringBootTestContextBootstrapper - Using TestExecutionListeners: [org.springframework.test.context.web.ServletTestExecutionListener@7c0c77c7, org.springframework.test.context.support.DirtiesContextBeforeModesTestExecutionListener@7adda9cc, org.springframework.boot.test.autoconfigure.SpringBootDependencyInjectionTestExecutionListener@5cee5251, org.springframework.test.context.support.DirtiesContextTestExecutionListener@433d61fb, org.springframework.test.context.transaction.TransactionalTestExecutionListener@5c909414, org.springframework.test.context.jdbc.SqlScriptsTestExecutionListener@4b14c583, org.springframework.boot.test.mock.mockito.ResetMocksTestExecutionListener@65466a6a, org.springframework.boot.test.autoconfigure.web.servlet.WebDriverTestExecutionListener@4ddced80, org.springframework.boot.test.autoconfigure.web.servlet.MockMvcPrintOnlyOnFailureTestExecutionListener@1534f01b, org.springframework.boot.test.autoconfigure.web.client.MockRestServiceServerResetTestExecutionListener@78e117e3, org.springframework.boot.test.mock.mockito.MockitoTestExecutionListener@2ea227af, org.springframework.boot.test.autoconfigure.restdocs.RestDocsTestExecutionListener@4386f16]
2018-01-10 02:27:26.481 [main] INFO  com.bioodas.seckill.dao.UserDaoTest - Starting UserDaoTest on Mick with PID 912 (started by Administrator in E:\dev\seckill)
2018-01-10 02:27:26.484 [main] INFO  com.bioodas.seckill.dao.UserDaoTest - No active profile set, falling back to default profiles: default
2018-01-10 02:27:26.787 [main] INFO  o.s.w.context.support.GenericWebApplicationContext - Refreshing org.springframework.web.context.support.GenericWebApplicationContext@485966cc: startup date [Wed Jan 10 02:27:26 CST 2018]; root of context hierarchy
2018-01-10 02:27:27.001 [background-preinit] INFO  org.hibernate.validator.internal.util.Version - HV000001: Hibernate Validator 5.3.5.Final
2018-01-10 02:27:27.826 [main] INFO  o.s.d.r.config.RepositoryConfigurationDelegate - Multiple Spring Data modules found, entering strict repository configuration mode!
2018-01-10 02:27:28.393 [main] INFO  o.s.b.f.a.AutowiredAnnotationBeanPostProcessor - JSR-330 'javax.inject.Inject' annotation found and supported for autowiring
2018-01-10 02:27:30.643 [main] INFO  o.s.w.s.m.m.a.RequestMappingHandlerAdapter - Looking for @ControllerAdvice: org.springframework.web.context.support.GenericWebApplicationContext@485966cc: startup date [Wed Jan 10 02:27:26 CST 2018]; root of context hierarchy
2018-01-10 02:27:30.744 [main] INFO  o.s.w.s.m.m.a.RequestMappingHandlerMapping - Mapped "{[/common/login],methods=[GET]}" onto public java.lang.String com.bioodas.seckill.web.controller.LoginController.index()
2018-01-10 02:27:30.746 [main] INFO  o.s.w.s.m.m.a.RequestMappingHandlerMapping - Mapped "{[/common/login],methods=[POST]}" onto public com.bioodas.seckill.vo.ResultVO<?> com.bioodas.seckill.web.controller.LoginController.login(javax.servlet.http.HttpServletResponse,com.bioodas.seckill.web.form.UserForm)
2018-01-10 02:27:30.748 [main] INFO  o.s.w.s.m.m.a.RequestMappingHandlerMapping - Mapped "{[/product/list],methods=[GET]}" onto public java.lang.String com.bioodas.seckill.web.controller.ProductController.list(org.springframework.ui.Model,com.bioodas.seckill.entity.User)
2018-01-10 02:27:30.749 [main] INFO  o.s.w.s.m.m.a.RequestMappingHandlerMapping - Mapped "{[/demo/test],methods=[GET]}" onto public java.lang.Object com.bioodas.seckill.web.controller.SampleController.thymeleaf()
2018-01-10 02:27:30.751 [main] INFO  o.s.w.s.m.m.a.RequestMappingHandlerMapping - Mapped "{[/error]}" onto public org.springframework.http.ResponseEntity<java.util.Map<java.lang.String, java.lang.Object>> org.springframework.boot.autoconfigure.web.BasicErrorController.error(javax.servlet.http.HttpServletRequest)
2018-01-10 02:27:30.752 [main] INFO  o.s.w.s.m.m.a.RequestMappingHandlerMapping - Mapped "{[/error],produces=[text/html]}" onto public org.springframework.web.servlet.ModelAndView org.springframework.boot.autoconfigure.web.BasicErrorController.errorHtml(javax.servlet.http.HttpServletRequest,javax.servlet.http.HttpServletResponse)
2018-01-10 02:27:30.813 [main] INFO  o.s.web.servlet.handler.SimpleUrlHandlerMapping - Mapped URL path [/webjars/**] onto handler of type [class org.springframework.web.servlet.resource.ResourceHttpRequestHandler]
2018-01-10 02:27:30.813 [main] INFO  o.s.web.servlet.handler.SimpleUrlHandlerMapping - Mapped URL path [/**] onto handler of type [class org.springframework.web.servlet.resource.ResourceHttpRequestHandler]
2018-01-10 02:27:30.846 [main] INFO  o.s.w.s.m.m.a.ExceptionHandlerExceptionResolver - Detected @ExceptionHandler methods in seckillExceptionHandler
2018-01-10 02:27:30.892 [main] INFO  o.s.web.servlet.handler.SimpleUrlHandlerMapping - Mapped URL path [/**/favicon.ico] onto handler of type [class org.springframework.web.servlet.resource.ResourceHttpRequestHandler]
2018-01-10 02:27:32.081 [main] INFO  o.s.w.servlet.view.freemarker.FreeMarkerConfigurer - ClassTemplateLoader for Spring macros added to FreeMarker configuration
2018-01-10 02:27:32.409 [main] INFO  com.bioodas.seckill.dao.UserDaoTest - Started UserDaoTest in 6.32 seconds (JVM running for 8.004)
2018-01-10 02:27:32.613 [main] INFO  com.alibaba.druid.pool.DruidDataSource - {dataSource-1} inited
2018-01-10 02:27:33.417 [main] INFO  com.bioodas.seckill.dao.UserDaoTest - com.bioodas.seckill.vo.ResultVO={
  "code": 0,
  "message": "",
  "data": {
    "id": "111",
    "mobile": "17783253569",
    "nickname": "tanglingyun",
    "password": "37a0d56bffb1524b9f8719e0a1faa942",
    "salt": "1514742677242850681",
    "loginCount": 0
  }
}
2018-01-10 02:27:33.426 [Thread-4] INFO  o.s.w.context.support.GenericWebApplicationContext - Closing org.springframework.web.context.support.GenericWebApplicationContext@485966cc: startup date [Wed Jan 10 02:27:26 CST 2018]; root of context hierarchy
2018-01-10 02:27:33.437 [Thread-4] INFO  com.alibaba.druid.pool.DruidDataSource - {dataSource-1} closed
2018-01-10 02:52:25.446 [main] INFO  o.s.b.t.context.SpringBootTestContextBootstrapper - Neither @ContextConfiguration nor @ContextHierarchy found for test class [com.bioodas.seckill.service.ProductServiceTest], using SpringBootContextLoader
2018-01-10 02:52:25.459 [main] INFO  o.s.test.context.support.AbstractContextLoader - Could not detect default resource locations for test class [com.bioodas.seckill.service.ProductServiceTest]: no resource found for suffixes {-context.xml, Context.groovy}.
2018-01-10 02:52:25.461 [main] INFO  o.s.t.c.support.AnnotationConfigContextLoaderUtils - Could not detect default configuration classes for test class [com.bioodas.seckill.service.ProductServiceTest]: ProductServiceTest does not declare any static, non-private, non-final, nested classes annotated with @Configuration.
2018-01-10 02:52:25.667 [main] INFO  o.s.b.t.context.SpringBootTestContextBootstrapper - Found @SpringBootConfiguration com.bioodas.seckill.MainApplication for test class com.bioodas.seckill.service.ProductServiceTest
2018-01-10 02:52:25.681 [main] INFO  o.s.b.t.context.SpringBootTestContextBootstrapper - Loaded default TestExecutionListener class names from location [META-INF/spring.factories]: [org.springframework.boot.test.mock.mockito.MockitoTestExecutionListener, org.springframework.boot.test.mock.mockito.ResetMocksTestExecutionListener, org.springframework.boot.test.autoconfigure.restdocs.RestDocsTestExecutionListener, org.springframework.boot.test.autoconfigure.web.client.MockRestServiceServerResetTestExecutionListener, org.springframework.boot.test.autoconfigure.web.servlet.MockMvcPrintOnlyOnFailureTestExecutionListener, org.springframework.boot.test.autoconfigure.web.servlet.WebDriverTestExecutionListener, org.springframework.test.context.web.ServletTestExecutionListener, org.springframework.test.context.support.DirtiesContextBeforeModesTestExecutionListener, org.springframework.test.context.support.DependencyInjectionTestExecutionListener, org.springframework.test.context.support.DirtiesContextTestExecutionListener, org.springframework.test.context.transaction.TransactionalTestExecutionListener, org.springframework.test.context.jdbc.SqlScriptsTestExecutionListener]
2018-01-10 02:52:25.715 [main] INFO  o.s.b.t.context.SpringBootTestContextBootstrapper - Using TestExecutionListeners: [org.springframework.test.context.web.ServletTestExecutionListener@6e0dec4a, org.springframework.test.context.support.DirtiesContextBeforeModesTestExecutionListener@96def03, org.springframework.boot.test.autoconfigure.SpringBootDependencyInjectionTestExecutionListener@5ccddd20, org.springframework.test.context.support.DirtiesContextTestExecutionListener@1ed1993a, org.springframework.test.context.transaction.TransactionalTestExecutionListener@1f3f4916, org.springframework.test.context.jdbc.SqlScriptsTestExecutionListener@794cb805, org.springframework.boot.test.mock.mockito.ResetMocksTestExecutionListener@4b5a5ed1, org.springframework.boot.test.autoconfigure.web.servlet.WebDriverTestExecutionListener@59d016c9, org.springframework.boot.test.autoconfigure.web.client.MockRestServiceServerResetTestExecutionListener@3cc2931c, org.springframework.boot.test.mock.mockito.MockitoTestExecutionListener@20d28811, org.springframework.boot.test.autoconfigure.restdocs.RestDocsTestExecutionListener@3967e60c, org.springframework.boot.test.autoconfigure.web.servlet.MockMvcPrintOnlyOnFailureTestExecutionListener@60d8c9b7]
2018-01-10 02:52:26.294 [main] INFO  com.bioodas.seckill.service.ProductServiceTest - Starting ProductServiceTest on Mick with PID 3104 (started by Administrator in E:\dev\seckill)
2018-01-10 02:52:26.297 [main] INFO  com.bioodas.seckill.service.ProductServiceTest - No active profile set, falling back to default profiles: default
2018-01-10 02:52:26.772 [background-preinit] INFO  org.hibernate.validator.internal.util.Version - HV000001: Hibernate Validator 5.3.5.Final
2018-01-10 02:52:26.780 [main] INFO  o.s.w.context.support.GenericWebApplicationContext - Refreshing org.springframework.web.context.support.GenericWebApplicationContext@6fd83fc1: startup date [Wed Jan 10 02:52:26 CST 2018]; root of context hierarchy
2018-01-10 02:52:27.704 [main] INFO  o.s.d.r.config.RepositoryConfigurationDelegate - Multiple Spring Data modules found, entering strict repository configuration mode!
2018-01-10 02:52:28.242 [main] INFO  o.s.b.f.a.AutowiredAnnotationBeanPostProcessor - JSR-330 'javax.inject.Inject' annotation found and supported for autowiring
2018-01-10 02:52:30.534 [main] INFO  o.s.w.s.m.m.a.RequestMappingHandlerAdapter - Looking for @ControllerAdvice: org.springframework.web.context.support.GenericWebApplicationContext@6fd83fc1: startup date [Wed Jan 10 02:52:26 CST 2018]; root of context hierarchy
2018-01-10 02:52:30.639 [main] INFO  o.s.w.s.m.m.a.RequestMappingHandlerMapping - Mapped "{[/common/login],methods=[GET]}" onto public java.lang.String com.bioodas.seckill.web.controller.LoginController.index()
2018-01-10 02:52:30.641 [main] INFO  o.s.w.s.m.m.a.RequestMappingHandlerMapping - Mapped "{[/common/login],methods=[POST]}" onto public com.bioodas.seckill.vo.ResultVO<?> com.bioodas.seckill.web.controller.LoginController.login(javax.servlet.http.HttpServletResponse,com.bioodas.seckill.web.form.UserForm)
2018-01-10 02:52:30.642 [main] INFO  o.s.w.s.m.m.a.RequestMappingHandlerMapping - Mapped "{[/product/list],methods=[GET]}" onto public java.lang.String com.bioodas.seckill.web.controller.ProductController.list(org.springframework.ui.Model,com.bioodas.seckill.entity.User)
2018-01-10 02:52:30.643 [main] INFO  o.s.w.s.m.m.a.RequestMappingHandlerMapping - Mapped "{[/demo/test],methods=[GET]}" onto public java.lang.Object com.bioodas.seckill.web.controller.SampleController.thymeleaf()
2018-01-10 02:52:30.646 [main] INFO  o.s.w.s.m.m.a.RequestMappingHandlerMapping - Mapped "{[/error]}" onto public org.springframework.http.ResponseEntity<java.util.Map<java.lang.String, java.lang.Object>> org.springframework.boot.autoconfigure.web.BasicErrorController.error(javax.servlet.http.HttpServletRequest)
2018-01-10 02:52:30.647 [main] INFO  o.s.w.s.m.m.a.RequestMappingHandlerMapping - Mapped "{[/error],produces=[text/html]}" onto public org.springframework.web.servlet.ModelAndView org.springframework.boot.autoconfigure.web.BasicErrorController.errorHtml(javax.servlet.http.HttpServletRequest,javax.servlet.http.HttpServletResponse)
2018-01-10 02:52:30.707 [main] INFO  o.s.web.servlet.handler.SimpleUrlHandlerMapping - Mapped URL path [/webjars/**] onto handler of type [class org.springframework.web.servlet.resource.ResourceHttpRequestHandler]
2018-01-10 02:52:30.707 [main] INFO  o.s.web.servlet.handler.SimpleUrlHandlerMapping - Mapped URL path [/**] onto handler of type [class org.springframework.web.servlet.resource.ResourceHttpRequestHandler]
2018-01-10 02:52:30.745 [main] INFO  o.s.w.s.m.m.a.ExceptionHandlerExceptionResolver - Detected @ExceptionHandler methods in seckillExceptionHandler
2018-01-10 02:52:30.791 [main] INFO  o.s.web.servlet.handler.SimpleUrlHandlerMapping - Mapped URL path [/**/favicon.ico] onto handler of type [class org.springframework.web.servlet.resource.ResourceHttpRequestHandler]
2018-01-10 02:52:31.757 [main] INFO  o.s.w.servlet.view.freemarker.FreeMarkerConfigurer - ClassTemplateLoader for Spring macros added to FreeMarker configuration
2018-01-10 02:52:32.119 [main] INFO  com.bioodas.seckill.service.ProductServiceTest - Started ProductServiceTest in 6.23 seconds (JVM running for 7.906)
2018-01-10 02:52:32.296 [main] INFO  com.alibaba.druid.pool.DruidDataSource - {dataSource-1} inited
2018-01-10 02:52:33.118 [Thread-4] INFO  o.s.w.context.support.GenericWebApplicationContext - Closing org.springframework.web.context.support.GenericWebApplicationContext@6fd83fc1: startup date [Wed Jan 10 02:52:26 CST 2018]; root of context hierarchy
2018-01-10 02:52:33.131 [Thread-4] INFO  com.alibaba.druid.pool.DruidDataSource - {dataSource-1} closed
2018-01-10 02:52:45.280 [main] INFO  o.s.b.t.context.SpringBootTestContextBootstrapper - Neither @ContextConfiguration nor @ContextHierarchy found for test class [com.bioodas.seckill.service.ProductServiceTest], using SpringBootContextLoader
2018-01-10 02:52:45.295 [main] INFO  o.s.test.context.support.AbstractContextLoader - Could not detect default resource locations for test class [com.bioodas.seckill.service.ProductServiceTest]: no resource found for suffixes {-context.xml, Context.groovy}.
2018-01-10 02:52:45.296 [main] INFO  o.s.t.c.support.AnnotationConfigContextLoaderUtils - Could not detect default configuration classes for test class [com.bioodas.seckill.service.ProductServiceTest]: ProductServiceTest does not declare any static, non-private, non-final, nested classes annotated with @Configuration.
2018-01-10 02:52:45.523 [main] INFO  o.s.b.t.context.SpringBootTestContextBootstrapper - Found @SpringBootConfiguration com.bioodas.seckill.MainApplication for test class com.bioodas.seckill.service.ProductServiceTest
2018-01-10 02:52:45.537 [main] INFO  o.s.b.t.context.SpringBootTestContextBootstrapper - Loaded default TestExecutionListener class names from location [META-INF/spring.factories]: [org.springframework.boot.test.mock.mockito.MockitoTestExecutionListener, org.springframework.boot.test.mock.mockito.ResetMocksTestExecutionListener, org.springframework.boot.test.autoconfigure.restdocs.RestDocsTestExecutionListener, org.springframework.boot.test.autoconfigure.web.client.MockRestServiceServerResetTestExecutionListener, org.springframework.boot.test.autoconfigure.web.servlet.MockMvcPrintOnlyOnFailureTestExecutionListener, org.springframework.boot.test.autoconfigure.web.servlet.WebDriverTestExecutionListener, org.springframework.test.context.web.ServletTestExecutionListener, org.springframework.test.context.support.DirtiesContextBeforeModesTestExecutionListener, org.springframework.test.context.support.DependencyInjectionTestExecutionListener, org.springframework.test.context.support.DirtiesContextTestExecutionListener, org.springframework.test.context.transaction.TransactionalTestExecutionListener, org.springframework.test.context.jdbc.SqlScriptsTestExecutionListener]
2018-01-10 02:52:45.572 [main] INFO  o.s.b.t.context.SpringBootTestContextBootstrapper - Using TestExecutionListeners: [org.springframework.test.context.web.ServletTestExecutionListener@6e0dec4a, org.springframework.test.context.support.DirtiesContextBeforeModesTestExecutionListener@96def03, org.springframework.boot.test.autoconfigure.SpringBootDependencyInjectionTestExecutionListener@5ccddd20, org.springframework.test.context.support.DirtiesContextTestExecutionListener@1ed1993a, org.springframework.test.context.transaction.TransactionalTestExecutionListener@1f3f4916, org.springframework.test.context.jdbc.SqlScriptsTestExecutionListener@794cb805, org.springframework.boot.test.mock.mockito.ResetMocksTestExecutionListener@4b5a5ed1, org.springframework.boot.test.autoconfigure.web.servlet.WebDriverTestExecutionListener@59d016c9, org.springframework.boot.test.autoconfigure.web.client.MockRestServiceServerResetTestExecutionListener@3cc2931c, org.springframework.boot.test.mock.mockito.MockitoTestExecutionListener@20d28811, org.springframework.boot.test.autoconfigure.restdocs.RestDocsTestExecutionListener@3967e60c, org.springframework.boot.test.autoconfigure.web.servlet.MockMvcPrintOnlyOnFailureTestExecutionListener@60d8c9b7]
2018-01-10 02:52:46.152 [main] INFO  com.bioodas.seckill.service.ProductServiceTest - Starting ProductServiceTest on Mick with PID 6028 (started by Administrator in E:\dev\seckill)
2018-01-10 02:52:46.153 [main] INFO  com.bioodas.seckill.service.ProductServiceTest - No active profile set, falling back to default profiles: default
2018-01-10 02:52:46.521 [main] INFO  o.s.w.context.support.GenericWebApplicationContext - Refreshing org.springframework.web.context.support.GenericWebApplicationContext@6fd83fc1: startup date [Wed Jan 10 02:52:46 CST 2018]; root of context hierarchy
2018-01-10 02:52:46.692 [background-preinit] INFO  org.hibernate.validator.internal.util.Version - HV000001: Hibernate Validator 5.3.5.Final
2018-01-10 02:52:47.638 [main] INFO  o.s.d.r.config.RepositoryConfigurationDelegate - Multiple Spring Data modules found, entering strict repository configuration mode!
2018-01-10 02:52:48.151 [main] INFO  o.s.b.f.a.AutowiredAnnotationBeanPostProcessor - JSR-330 'javax.inject.Inject' annotation found and supported for autowiring
2018-01-10 02:52:50.393 [main] INFO  o.s.w.s.m.m.a.RequestMappingHandlerAdapter - Looking for @ControllerAdvice: org.springframework.web.context.support.GenericWebApplicationContext@6fd83fc1: startup date [Wed Jan 10 02:52:46 CST 2018]; root of context hierarchy
2018-01-10 02:52:50.491 [main] INFO  o.s.w.s.m.m.a.RequestMappingHandlerMapping - Mapped "{[/common/login],methods=[GET]}" onto public java.lang.String com.bioodas.seckill.web.controller.LoginController.index()
2018-01-10 02:52:50.493 [main] INFO  o.s.w.s.m.m.a.RequestMappingHandlerMapping - Mapped "{[/common/login],methods=[POST]}" onto public com.bioodas.seckill.vo.ResultVO<?> com.bioodas.seckill.web.controller.LoginController.login(javax.servlet.http.HttpServletResponse,com.bioodas.seckill.web.form.UserForm)
2018-01-10 02:52:50.494 [main] INFO  o.s.w.s.m.m.a.RequestMappingHandlerMapping - Mapped "{[/product/list],methods=[GET]}" onto public java.lang.String com.bioodas.seckill.web.controller.ProductController.list(org.springframework.ui.Model,com.bioodas.seckill.entity.User)
2018-01-10 02:52:50.495 [main] INFO  o.s.w.s.m.m.a.RequestMappingHandlerMapping - Mapped "{[/demo/test],methods=[GET]}" onto public java.lang.Object com.bioodas.seckill.web.controller.SampleController.thymeleaf()
2018-01-10 02:52:50.497 [main] INFO  o.s.w.s.m.m.a.RequestMappingHandlerMapping - Mapped "{[/error]}" onto public org.springframework.http.ResponseEntity<java.util.Map<java.lang.String, java.lang.Object>> org.springframework.boot.autoconfigure.web.BasicErrorController.error(javax.servlet.http.HttpServletRequest)
2018-01-10 02:52:50.498 [main] INFO  o.s.w.s.m.m.a.RequestMappingHandlerMapping - Mapped "{[/error],produces=[text/html]}" onto public org.springframework.web.servlet.ModelAndView org.springframework.boot.autoconfigure.web.BasicErrorController.errorHtml(javax.servlet.http.HttpServletRequest,javax.servlet.http.HttpServletResponse)
2018-01-10 02:52:50.562 [main] INFO  o.s.web.servlet.handler.SimpleUrlHandlerMapping - Mapped URL path [/webjars/**] onto handler of type [class org.springframework.web.servlet.resource.ResourceHttpRequestHandler]
2018-01-10 02:52:50.562 [main] INFO  o.s.web.servlet.handler.SimpleUrlHandlerMapping - Mapped URL path [/**] onto handler of type [class org.springframework.web.servlet.resource.ResourceHttpRequestHandler]
2018-01-10 02:52:50.594 [main] INFO  o.s.w.s.m.m.a.ExceptionHandlerExceptionResolver - Detected @ExceptionHandler methods in seckillExceptionHandler
2018-01-10 02:52:50.636 [main] INFO  o.s.web.servlet.handler.SimpleUrlHandlerMapping - Mapped URL path [/**/favicon.ico] onto handler of type [class org.springframework.web.servlet.resource.ResourceHttpRequestHandler]
2018-01-10 02:52:51.595 [main] INFO  o.s.w.servlet.view.freemarker.FreeMarkerConfigurer - ClassTemplateLoader for Spring macros added to FreeMarker configuration
2018-01-10 02:52:51.940 [main] INFO  com.bioodas.seckill.service.ProductServiceTest - Started ProductServiceTest in 6.201 seconds (JVM running for 7.971)
2018-01-10 02:52:52.099 [main] INFO  com.alibaba.druid.pool.DruidDataSource - {dataSource-1} inited
2018-01-10 02:52:52.884 [Thread-4] INFO  o.s.w.context.support.GenericWebApplicationContext - Closing org.springframework.web.context.support.GenericWebApplicationContext@6fd83fc1: startup date [Wed Jan 10 02:52:46 CST 2018]; root of context hierarchy
2018-01-10 02:52:52.921 [Thread-4] INFO  com.alibaba.druid.pool.DruidDataSource - {dataSource-1} closed
2018-01-10 21:08:00.671 [main] INFO  org.springframework.boot.SpringApplication - Starting SpringApplication v1.5.8.RELEASE on Mick with PID 3032 (C:\Users\Administrator\.m2\repository\org\springframework\boot\spring-boot\1.5.8.RELEASE\spring-boot-1.5.8.RELEASE.jar started by Administrator in E:\dev\seckill)
2018-01-10 21:08:00.683 [main] INFO  org.springframework.boot.SpringApplication - No active profile set, falling back to default profiles: default
2018-01-10 21:08:01.211 [background-preinit] INFO  org.hibernate.validator.internal.util.Version - HV000001: Hibernate Validator 5.3.5.Final
2018-01-10 21:08:01.441 [main] ERROR org.springframework.boot.SpringApplication - Application startup failed
java.lang.IllegalArgumentException: Sources must not be empty
	at org.springframework.util.Assert.notEmpty(Assert.java:277)
	at org.springframework.boot.SpringApplication.prepareContext(SpringApplication.java:354)
	at org.springframework.boot.SpringApplication.run(SpringApplication.java:301)
	at org.springframework.boot.SpringApplication.run(SpringApplication.java:1118)
	at org.springframework.boot.SpringApplication.main(SpringApplication.java:1134)
