2018-01-11 23:08:07.941 [main] INFO  com.bioodas.seckill.MainApplication - Starting MainApplication on Mick with PID 6040 (E:\dev\seckill\target\classes started by Administrator in E:\dev\seckill)
2018-01-11 23:08:07.941 [main] INFO  com.bioodas.seckill.MainApplication - No active profile set, falling back to default profiles: default
2018-01-11 23:08:08.456 [main] INFO  o.s.b.c.e.AnnotationConfigEmbeddedWebApplicationContext - Refreshing org.springframework.boot.context.embedded.AnnotationConfigEmbeddedWebApplicationContext@589da3f3: startup date [Thu Jan 11 23:08:08 CST 2018]; root of context hierarchy
2018-01-11 23:08:08.550 [background-preinit] INFO  org.hibernate.validator.internal.util.Version - HV000001: Hibernate Validator 5.3.5.Final
2018-01-11 23:08:09.787 [main] INFO  o.s.d.r.config.RepositoryConfigurationDelegate - Multiple Spring Data modules found, entering strict repository configuration mode!
2018-01-11 23:08:10.645 [main] INFO  o.s.b.f.a.AutowiredAnnotationBeanPostProcessor - JSR-330 'javax.inject.Inject' annotation found and supported for autowiring
2018-01-11 23:08:12.488 [main] INFO  o.s.b.c.e.tomcat.TomcatEmbeddedServletContainer - Tomcat initialized with port(s): 8080 (http)
2018-01-11 23:08:12.519 [main] INFO  org.apache.catalina.core.StandardService - Starting service [Tomcat]
2018-01-11 23:08:12.519 [main] INFO  org.apache.catalina.core.StandardEngine - Starting Servlet Engine: Apache Tomcat/8.5.23
2018-01-11 23:08:12.708 [localhost-startStop-1] INFO  o.a.c.c.C.[Tomcat].[localhost].[/seckill] - Initializing Spring embedded WebApplicationContext
2018-01-11 23:08:12.708 [localhost-startStop-1] INFO  org.springframework.web.context.ContextLoader - Root WebApplicationContext: initialization completed in 4252 ms
2018-01-11 23:08:12.983 [localhost-startStop-1] INFO  o.s.boot.web.servlet.ServletRegistrationBean - Mapping servlet: 'dispatcherServlet' to [/]
2018-01-11 23:08:12.983 [localhost-startStop-1] INFO  o.s.boot.web.servlet.FilterRegistrationBean - Mapping filter: 'characterEncodingFilter' to: [/*]
2018-01-11 23:08:12.983 [localhost-startStop-1] INFO  o.s.boot.web.servlet.FilterRegistrationBean - Mapping filter: 'hiddenHttpMethodFilter' to: [/*]
2018-01-11 23:08:12.983 [localhost-startStop-1] INFO  o.s.boot.web.servlet.FilterRegistrationBean - Mapping filter: 'httpPutFormContentFilter' to: [/*]
2018-01-11 23:08:12.983 [localhost-startStop-1] INFO  o.s.boot.web.servlet.FilterRegistrationBean - Mapping filter: 'requestContextFilter' to: [/*]
2018-01-11 23:08:20.812 [main] INFO  o.s.w.s.m.m.a.RequestMappingHandlerAdapter - Looking for @ControllerAdvice: org.springframework.boot.context.embedded.AnnotationConfigEmbeddedWebApplicationContext@589da3f3: startup date [Thu Jan 11 23:08:08 CST 2018]; root of context hierarchy
2018-01-11 23:08:21.002 [main] INFO  o.s.w.s.m.m.a.RequestMappingHandlerMapping - Mapped "{[/common/login],methods=[GET]}" onto public java.lang.String com.bioodas.seckill.web.controller.LoginController.index()
2018-01-11 23:08:21.002 [main] INFO  o.s.w.s.m.m.a.RequestMappingHandlerMapping - Mapped "{[/common/login],methods=[POST]}" onto public com.bioodas.seckill.vo.ResultVO<?> com.bioodas.seckill.web.controller.LoginController.login(javax.servlet.http.HttpServletResponse,com.bioodas.seckill.web.form.UserForm)
2018-01-11 23:08:21.002 [main] INFO  o.s.w.s.m.m.a.RequestMappingHandlerMapping - Mapped "{[/product/list],methods=[GET]}" onto public java.lang.String com.bioodas.seckill.web.controller.ProductController.list(org.springframework.ui.Model,com.bioodas.seckill.entity.User)
2018-01-11 23:08:21.002 [main] INFO  o.s.w.s.m.m.a.RequestMappingHandlerMapping - Mapped "{[/product/detail/{productId}],methods=[GET]}" onto public java.lang.String com.bioodas.seckill.web.controller.ProductController.detail(org.springframework.ui.Model,com.bioodas.seckill.entity.User,java.lang.String)
2018-01-11 23:08:21.002 [main] INFO  o.s.w.s.m.m.a.RequestMappingHandlerMapping - Mapped "{[/demo/test],methods=[GET]}" onto public java.lang.Object com.bioodas.seckill.web.controller.SampleController.thymeleaf()
2018-01-11 23:08:21.002 [main] INFO  o.s.w.s.m.m.a.RequestMappingHandlerMapping - Mapped "{[/error]}" onto public org.springframework.http.ResponseEntity<java.util.Map<java.lang.String, java.lang.Object>> org.springframework.boot.autoconfigure.web.BasicErrorController.error(javax.servlet.http.HttpServletRequest)
2018-01-11 23:08:21.002 [main] INFO  o.s.w.s.m.m.a.RequestMappingHandlerMapping - Mapped "{[/error],produces=[text/html]}" onto public org.springframework.web.servlet.ModelAndView org.springframework.boot.autoconfigure.web.BasicErrorController.errorHtml(javax.servlet.http.HttpServletRequest,javax.servlet.http.HttpServletResponse)
2018-01-11 23:08:21.111 [main] INFO  o.s.web.servlet.handler.SimpleUrlHandlerMapping - Mapped URL path [/webjars/**] onto handler of type [class org.springframework.web.servlet.resource.ResourceHttpRequestHandler]
2018-01-11 23:08:21.111 [main] INFO  o.s.web.servlet.handler.SimpleUrlHandlerMapping - Mapped URL path [/**] onto handler of type [class org.springframework.web.servlet.resource.ResourceHttpRequestHandler]
2018-01-11 23:08:21.158 [main] INFO  o.s.w.s.m.m.a.ExceptionHandlerExceptionResolver - Detected @ExceptionHandler methods in seckillExceptionHandler
2018-01-11 23:08:21.221 [main] INFO  o.s.web.servlet.handler.SimpleUrlHandlerMapping - Mapped URL path [/**/favicon.ico] onto handler of type [class org.springframework.web.servlet.resource.ResourceHttpRequestHandler]
2018-01-11 23:08:22.695 [main] INFO  o.s.w.servlet.view.freemarker.FreeMarkerConfigurer - ClassTemplateLoader for Spring macros added to FreeMarker configuration
2018-01-11 23:08:23.277 [main] INFO  o.s.jmx.export.annotation.AnnotationMBeanExporter - Registering beans for JMX exposure on startup
2018-01-11 23:08:23.277 [main] INFO  o.s.jmx.export.annotation.AnnotationMBeanExporter - Bean with name 'dataSource' has been autodetected for JMX exposure
2018-01-11 23:08:23.277 [main] INFO  o.s.jmx.export.annotation.AnnotationMBeanExporter - Located MBean 'dataSource': registering with JMX server as MBean [com.alibaba.druid.pool:name=dataSource,type=DruidDataSource]
2018-01-11 23:08:23.292 [main] INFO  org.apache.coyote.http11.Http11NioProtocol - Initializing ProtocolHandler ["http-nio-8080"]
2018-01-11 23:08:23.323 [main] INFO  org.apache.coyote.http11.Http11NioProtocol - Starting ProtocolHandler ["http-nio-8080"]
2018-01-11 23:08:23.339 [main] INFO  org.apache.tomcat.util.net.NioSelectorPool - Using a shared selector for servlet write/read
2018-01-11 23:08:23.401 [main] INFO  o.s.b.c.e.tomcat.TomcatEmbeddedServletContainer - Tomcat started on port(s): 8080 (http)
2018-01-11 23:08:23.417 [main] INFO  com.bioodas.seckill.MainApplication - Started MainApplication in 16.01 seconds (JVM running for 17.569)
2018-01-11 23:08:37.967 [http-nio-8080-exec-1] INFO  o.a.c.c.C.[Tomcat].[localhost].[/seckill] - Initializing Spring FrameworkServlet 'dispatcherServlet'
2018-01-11 23:08:37.968 [http-nio-8080-exec-1] INFO  org.springframework.web.servlet.DispatcherServlet - FrameworkServlet 'dispatcherServlet': initialization started
2018-01-11 23:08:38.046 [http-nio-8080-exec-1] INFO  org.springframework.web.servlet.DispatcherServlet - FrameworkServlet 'dispatcherServlet': initialization completed in 77 ms
2018-01-11 23:08:53.790 [http-nio-8080-exec-9] INFO  org.thymeleaf.TemplateEngine - [THYMELEAF] INITIALIZING TEMPLATE ENGINE
2018-01-11 23:08:54.030 [http-nio-8080-exec-9] INFO  o.t.templateresolver.AbstractTemplateResolver - [THYMELEAF] INITIALIZING TEMPLATE RESOLVER: org.thymeleaf.spring4.templateresolver.SpringResourceTemplateResolver
2018-01-11 23:08:54.033 [http-nio-8080-exec-9] INFO  o.t.templateresolver.AbstractTemplateResolver - [THYMELEAF] TEMPLATE RESOLVER INITIALIZED OK
2018-01-11 23:08:54.034 [http-nio-8080-exec-9] INFO  o.t.messageresolver.AbstractMessageResolver - [THYMELEAF] INITIALIZING MESSAGE RESOLVER: org.thymeleaf.spring4.messageresolver.SpringMessageResolver
2018-01-11 23:08:54.034 [http-nio-8080-exec-9] INFO  o.t.messageresolver.AbstractMessageResolver - [THYMELEAF] MESSAGE RESOLVER INITIALIZED OK
2018-01-11 23:08:54.060 [http-nio-8080-exec-9] INFO  org.thymeleaf.TemplateEngine.CONFIG - [THYMELEAF] TEMPLATE ENGINE CONFIGURATION:
[THYMELEAF] * Cache Factory implementation: org.thymeleaf.cache.StandardCacheManager
[THYMELEAF] * Template modes:
[THYMELEAF]     * HTML5
[THYMELEAF]     * XHTML
[THYMELEAF]     * XML
[THYMELEAF]     * VALIDXHTML
[THYMELEAF]     * VALIDXML
[THYMELEAF]     * LEGACYHTML5
[THYMELEAF] * Template resolvers (in order):
[THYMELEAF]     * org.thymeleaf.spring4.templateresolver.SpringResourceTemplateResolver
[THYMELEAF] * Message resolvers (in order):
[THYMELEAF]     * org.thymeleaf.spring4.messageresolver.SpringMessageResolver
[THYMELEAF] * Dialect [1 of 2]: org.thymeleaf.spring4.dialect.SpringStandardDialect
[THYMELEAF]     * Prefix: "th"
[THYMELEAF] * Dialect [2 of 2]: nz.net.ultraq.thymeleaf.LayoutDialect
[THYMELEAF]     * Prefix: "layout"
[THYMELEAF] TEMPLATE ENGINE CONFIGURED OK
2018-01-11 23:08:54.061 [http-nio-8080-exec-9] INFO  org.thymeleaf.TemplateEngine - [THYMELEAF] TEMPLATE ENGINE INITIALIZED
2018-01-11 23:08:58.503 [http-nio-8080-exec-2] INFO  com.bioodas.seckill.service.impl.LoginServiceImpl - 17783253569:5ce6b5edb7d11813fb2b62bc2fdb6330
2018-01-11 23:08:58.816 [http-nio-8080-exec-2] INFO  com.alibaba.druid.pool.DruidDataSource - {dataSource-1} inited
2018-01-11 23:09:00.350 [http-nio-8080-exec-2] INFO  com.bioodas.seckill.service.impl.LoginServiceImpl - com.bioodas.seckill.entity.User={
  "id": "111",
  "mobile": "17783253569",
  "nickname": "tanglingyun",
  "password": "37a0d56bffb1524b9f8719e0a1faa942",
  "salt": "1514742677242850681",
  "loginCount": 0
}
2018-01-11 23:09:00.367 [http-nio-8080-exec-2] INFO  com.bioodas.seckill.service.impl.LoginServiceImpl - calcPass:37a0d56bffb1524b9f8719e0a1faa942
2018-01-11 23:09:30.669 [main] INFO  com.bioodas.seckill.MainApplication - Starting MainApplication on Mick with PID 3720 (E:\dev\seckill\target\classes started by Administrator in E:\dev\seckill)
2018-01-11 23:09:30.685 [main] INFO  com.bioodas.seckill.MainApplication - No active profile set, falling back to default profiles: default
2018-01-11 23:09:31.185 [main] INFO  o.s.b.c.e.AnnotationConfigEmbeddedWebApplicationContext - Refreshing org.springframework.boot.context.embedded.AnnotationConfigEmbeddedWebApplicationContext@589da3f3: startup date [Thu Jan 11 23:09:31 CST 2018]; root of context hierarchy
2018-01-11 23:09:31.310 [background-preinit] INFO  org.hibernate.validator.internal.util.Version - HV000001: Hibernate Validator 5.3.5.Final
2018-01-11 23:09:32.413 [main] INFO  o.s.d.r.config.RepositoryConfigurationDelegate - Multiple Spring Data modules found, entering strict repository configuration mode!
2018-01-11 23:09:32.936 [main] INFO  o.s.b.f.a.AutowiredAnnotationBeanPostProcessor - JSR-330 'javax.inject.Inject' annotation found and supported for autowiring
2018-01-11 23:09:34.600 [main] INFO  o.s.b.c.e.tomcat.TomcatEmbeddedServletContainer - Tomcat initialized with port(s): 8080 (http)
2018-01-11 23:09:34.615 [main] INFO  org.apache.catalina.core.StandardService - Starting service [Tomcat]
2018-01-11 23:09:34.615 [main] INFO  org.apache.catalina.core.StandardEngine - Starting Servlet Engine: Apache Tomcat/8.5.23
2018-01-11 23:09:34.819 [localhost-startStop-1] INFO  o.a.c.c.C.[Tomcat].[localhost].[/seckill] - Initializing Spring embedded WebApplicationContext
2018-01-11 23:09:34.819 [localhost-startStop-1] INFO  org.springframework.web.context.ContextLoader - Root WebApplicationContext: initialization completed in 3634 ms
2018-01-11 23:09:35.107 [localhost-startStop-1] INFO  o.s.boot.web.servlet.ServletRegistrationBean - Mapping servlet: 'dispatcherServlet' to [/]
2018-01-11 23:09:35.122 [localhost-startStop-1] INFO  o.s.boot.web.servlet.FilterRegistrationBean - Mapping filter: 'characterEncodingFilter' to: [/*]
2018-01-11 23:09:35.122 [localhost-startStop-1] INFO  o.s.boot.web.servlet.FilterRegistrationBean - Mapping filter: 'hiddenHttpMethodFilter' to: [/*]
2018-01-11 23:09:35.122 [localhost-startStop-1] INFO  o.s.boot.web.servlet.FilterRegistrationBean - Mapping filter: 'httpPutFormContentFilter' to: [/*]
2018-01-11 23:09:35.122 [localhost-startStop-1] INFO  o.s.boot.web.servlet.FilterRegistrationBean - Mapping filter: 'requestContextFilter' to: [/*]
2018-01-11 23:09:36.761 [main] INFO  o.s.w.s.m.m.a.RequestMappingHandlerAdapter - Looking for @ControllerAdvice: org.springframework.boot.context.embedded.AnnotationConfigEmbeddedWebApplicationContext@589da3f3: startup date [Thu Jan 11 23:09:31 CST 2018]; root of context hierarchy
2018-01-11 23:09:36.871 [main] INFO  o.s.w.s.m.m.a.RequestMappingHandlerMapping - Mapped "{[/common/login],methods=[GET]}" onto public java.lang.String com.bioodas.seckill.web.controller.LoginController.index()
2018-01-11 23:09:36.871 [main] INFO  o.s.w.s.m.m.a.RequestMappingHandlerMapping - Mapped "{[/common/login],methods=[POST]}" onto public com.bioodas.seckill.vo.ResultVO<?> com.bioodas.seckill.web.controller.LoginController.login(javax.servlet.http.HttpServletResponse,com.bioodas.seckill.web.form.UserForm)
2018-01-11 23:09:36.871 [main] INFO  o.s.w.s.m.m.a.RequestMappingHandlerMapping - Mapped "{[/product/list],methods=[GET]}" onto public java.lang.String com.bioodas.seckill.web.controller.ProductController.list(org.springframework.ui.Model,com.bioodas.seckill.entity.User)
2018-01-11 23:09:36.871 [main] INFO  o.s.w.s.m.m.a.RequestMappingHandlerMapping - Mapped "{[/product/detail/{productId}],methods=[GET]}" onto public java.lang.String com.bioodas.seckill.web.controller.ProductController.detail(org.springframework.ui.Model,com.bioodas.seckill.entity.User,java.lang.String)
2018-01-11 23:09:36.887 [main] INFO  o.s.w.s.m.m.a.RequestMappingHandlerMapping - Mapped "{[/demo/test],methods=[GET]}" onto public java.lang.Object com.bioodas.seckill.web.controller.SampleController.thymeleaf()
2018-01-11 23:09:36.887 [main] INFO  o.s.w.s.m.m.a.RequestMappingHandlerMapping - Mapped "{[/error]}" onto public org.springframework.http.ResponseEntity<java.util.Map<java.lang.String, java.lang.Object>> org.springframework.boot.autoconfigure.web.BasicErrorController.error(javax.servlet.http.HttpServletRequest)
2018-01-11 23:09:36.887 [main] INFO  o.s.w.s.m.m.a.RequestMappingHandlerMapping - Mapped "{[/error],produces=[text/html]}" onto public org.springframework.web.servlet.ModelAndView org.springframework.boot.autoconfigure.web.BasicErrorController.errorHtml(javax.servlet.http.HttpServletRequest,javax.servlet.http.HttpServletResponse)
2018-01-11 23:09:36.970 [main] INFO  o.s.web.servlet.handler.SimpleUrlHandlerMapping - Mapped URL path [/webjars/**] onto handler of type [class org.springframework.web.servlet.resource.ResourceHttpRequestHandler]
2018-01-11 23:09:36.970 [main] INFO  o.s.web.servlet.handler.SimpleUrlHandlerMapping - Mapped URL path [/**] onto handler of type [class org.springframework.web.servlet.resource.ResourceHttpRequestHandler]
2018-01-11 23:09:37.002 [main] INFO  o.s.w.s.m.m.a.ExceptionHandlerExceptionResolver - Detected @ExceptionHandler methods in seckillExceptionHandler
2018-01-11 23:09:37.087 [main] INFO  o.s.web.servlet.handler.SimpleUrlHandlerMapping - Mapped URL path [/**/favicon.ico] onto handler of type [class org.springframework.web.servlet.resource.ResourceHttpRequestHandler]
2018-01-11 23:09:38.367 [main] INFO  o.s.w.servlet.view.freemarker.FreeMarkerConfigurer - ClassTemplateLoader for Spring macros added to FreeMarker configuration
2018-01-11 23:09:39.008 [main] INFO  o.s.jmx.export.annotation.AnnotationMBeanExporter - Registering beans for JMX exposure on startup
2018-01-11 23:09:39.008 [main] INFO  o.s.jmx.export.annotation.AnnotationMBeanExporter - Bean with name 'dataSource' has been autodetected for JMX exposure
2018-01-11 23:09:39.023 [main] INFO  o.s.jmx.export.annotation.AnnotationMBeanExporter - Located MBean 'dataSource': registering with JMX server as MBean [com.alibaba.druid.pool:name=dataSource,type=DruidDataSource]
2018-01-11 23:09:39.045 [main] INFO  org.apache.coyote.http11.Http11NioProtocol - Initializing ProtocolHandler ["http-nio-8080"]
2018-01-11 23:09:39.062 [main] INFO  org.apache.coyote.http11.Http11NioProtocol - Starting ProtocolHandler ["http-nio-8080"]
2018-01-11 23:09:39.078 [main] INFO  org.apache.tomcat.util.net.NioSelectorPool - Using a shared selector for servlet write/read
2018-01-11 23:09:39.140 [main] INFO  o.s.b.c.e.tomcat.TomcatEmbeddedServletContainer - Tomcat started on port(s): 8080 (http)
2018-01-11 23:09:39.140 [main] INFO  com.bioodas.seckill.MainApplication - Started MainApplication in 8.955 seconds (JVM running for 10.44)
2018-01-11 23:10:14.607 [http-nio-8080-exec-10] INFO  o.a.c.c.C.[Tomcat].[localhost].[/seckill] - Initializing Spring FrameworkServlet 'dispatcherServlet'
2018-01-11 23:10:14.608 [http-nio-8080-exec-10] INFO  org.springframework.web.servlet.DispatcherServlet - FrameworkServlet 'dispatcherServlet': initialization started
2018-01-11 23:10:14.688 [http-nio-8080-exec-10] INFO  org.springframework.web.servlet.DispatcherServlet - FrameworkServlet 'dispatcherServlet': initialization completed in 80 ms
2018-01-11 23:10:16.458 [http-nio-8080-exec-6] INFO  com.alibaba.druid.pool.DruidDataSource - {dataSource-1} inited
2018-01-11 23:10:18.140 [http-nio-8080-exec-6] INFO  org.thymeleaf.TemplateEngine - [THYMELEAF] INITIALIZING TEMPLATE ENGINE
2018-01-11 23:10:18.300 [http-nio-8080-exec-6] INFO  o.t.templateresolver.AbstractTemplateResolver - [THYMELEAF] INITIALIZING TEMPLATE RESOLVER: org.thymeleaf.spring4.templateresolver.SpringResourceTemplateResolver
2018-01-11 23:10:18.301 [http-nio-8080-exec-6] INFO  o.t.templateresolver.AbstractTemplateResolver - [THYMELEAF] TEMPLATE RESOLVER INITIALIZED OK
2018-01-11 23:10:18.302 [http-nio-8080-exec-6] INFO  o.t.messageresolver.AbstractMessageResolver - [THYMELEAF] INITIALIZING MESSAGE RESOLVER: org.thymeleaf.spring4.messageresolver.SpringMessageResolver
2018-01-11 23:10:18.303 [http-nio-8080-exec-6] INFO  o.t.messageresolver.AbstractMessageResolver - [THYMELEAF] MESSAGE RESOLVER INITIALIZED OK
2018-01-11 23:10:18.314 [http-nio-8080-exec-6] INFO  org.thymeleaf.TemplateEngine.CONFIG - [THYMELEAF] TEMPLATE ENGINE CONFIGURATION:
[THYMELEAF] * Cache Factory implementation: org.thymeleaf.cache.StandardCacheManager
[THYMELEAF] * Template modes:
[THYMELEAF]     * LEGACYHTML5
[THYMELEAF]     * VALIDXHTML
[THYMELEAF]     * VALIDXML
[THYMELEAF]     * XML
[THYMELEAF]     * HTML5
[THYMELEAF]     * XHTML
[THYMELEAF] * Template resolvers (in order):
[THYMELEAF]     * org.thymeleaf.spring4.templateresolver.SpringResourceTemplateResolver
[THYMELEAF] * Message resolvers (in order):
[THYMELEAF]     * org.thymeleaf.spring4.messageresolver.SpringMessageResolver
[THYMELEAF] * Dialect [1 of 2]: org.thymeleaf.spring4.dialect.SpringStandardDialect
[THYMELEAF]     * Prefix: "th"
[THYMELEAF] * Dialect [2 of 2]: nz.net.ultraq.thymeleaf.LayoutDialect
[THYMELEAF]     * Prefix: "layout"
[THYMELEAF] TEMPLATE ENGINE CONFIGURED OK
2018-01-11 23:10:18.314 [http-nio-8080-exec-6] INFO  org.thymeleaf.TemplateEngine - [THYMELEAF] TEMPLATE ENGINE INITIALIZED
2018-01-11 23:15:14.318 [http-nio-8080-exec-9] INFO  com.bioodas.seckill.service.impl.LoginServiceImpl - 17783253569:5ce6b5edb7d11813fb2b62bc2fdb6330
2018-01-11 23:15:14.369 [http-nio-8080-exec-9] INFO  com.bioodas.seckill.service.impl.LoginServiceImpl - com.bioodas.seckill.entity.User={
  "id": "111",
  "mobile": "17783253569",
  "nickname": "tanglingyun",
  "password": "37a0d56bffb1524b9f8719e0a1faa942",
  "salt": "1514742677242850681",
  "loginCount": 0
}
2018-01-11 23:15:14.385 [http-nio-8080-exec-9] INFO  com.bioodas.seckill.service.impl.LoginServiceImpl - calcPass:37a0d56bffb1524b9f8719e0a1faa942
2018-01-11 23:26:41.027 [http-nio-8080-exec-2] WARN  c.b.seckill.handler.UserArgumentResolverHandler - [获取用户信息失败]token缓存redis端失效过期或该用户没有登录
2018-01-11 23:26:41.042 [http-nio-8080-exec-2] WARN  c.bioodas.seckill.handler.SeckillExceptionHandler - token失效或没有登录,跳转到登录页面
2018-01-11 23:26:52.355 [http-nio-8080-exec-6] INFO  com.bioodas.seckill.service.impl.LoginServiceImpl - 17783253569:5ce6b5edb7d11813fb2b62bc2fdb6330
2018-01-11 23:26:52.398 [http-nio-8080-exec-6] INFO  com.bioodas.seckill.service.impl.LoginServiceImpl - com.bioodas.seckill.entity.User={
  "id": "111",
  "mobile": "17783253569",
  "nickname": "tanglingyun",
  "password": "37a0d56bffb1524b9f8719e0a1faa942",
  "salt": "1514742677242850681",
  "loginCount": 0
}
2018-01-11 23:26:52.399 [http-nio-8080-exec-6] INFO  com.bioodas.seckill.service.impl.LoginServiceImpl - calcPass:37a0d56bffb1524b9f8719e0a1faa942
